#
# There is insufficient memory for the Java Runtime Environment to continue.
# Native memory allocation (malloc) failed to allocate 798736 bytes for Chunk::new
# Possible reasons:
#   The system is out of physical RAM or swap space
#   The process is running with CompressedOops enabled, and the Java Heap may be blocking the growth of the native heap
# Possible solutions:
#   Reduce memory load on the system
#   Increase physical memory or swap space
#   Check if swap backing store is full
#   Decrease Java heap size (-Xmx/-Xms)
#   Decrease number of Java threads
#   Decrease Java thread stack sizes (-Xss)
#   Set larger code cache with -XX:ReservedCodeCacheSize=
#   JVM is running with Unscaled Compressed Oops mode in which the Java heap is
#     placed in the first 4GB address space. The Java Heap base address is the
#     maximum limit for the native heap growth. Please use -XX:HeapBaseMinAddress
#     to set the Java Heap base and to place the Java Heap above 4GB virtual address.
# This output file may be truncated or incomplete.
#
#  Out of Memory Error (./src/hotspot/share/memory/arena.cpp:197), pid=3660, tid=15988
#
# JRE version: OpenJDK Runtime Environment (11.0.12+7) (build 11.0.12+7-b1504.28-7817840)
# Java VM: OpenJDK 64-Bit Server VM (11.0.12+7-b1504.28-7817840, mixed mode, tiered, compressed oops, g1 gc, windows-amd64)
# No core dump will be written. Minidumps are not enabled by default on client versions of Windows
#

---------------  S U M M A R Y ------------

Command Line: --add-opens=java.base/java.util=ALL-UNNAMED --add-opens=java.base/java.lang=ALL-UNNAMED --add-opens=java.base/java.lang.invoke=ALL-UNNAMED --add-opens=java.base/java.util=ALL-UNNAMED --add-opens=java.prefs/java.util.prefs=ALL-UNNAMED --add-opens=java.prefs/java.util.prefs=ALL-UNNAMED --add-opens=java.base/java.nio.charset=ALL-UNNAMED --add-opens=java.base/java.net=ALL-UNNAMED --add-opens=java.base/java.util.concurrent.atomic=ALL-UNNAMED -Xmx2048m -Dfile.encoding=UTF-8 -Duser.country=US -Duser.language=en -Duser.variant org.gradle.launcher.daemon.bootstrap.GradleDaemon 7.3.3

Host: AMD Ryzen 5 4600H with Radeon Graphics         , 12 cores, 7G,  Windows 10 , 64 bit Build 19041 (10.0.19041.2251)
Time: Wed Nov 30 15:11:22 2022 SE Asia Standard Time elapsed time: 7.627696 seconds (0d 0h 0m 7s)

---------------  T H R E A D  ---------------

Current thread (0x000001fa7cd5d800):  JavaThread "C2 CompilerThread0" daemon [_thread_in_native, id=15988, stack(0x0000008f65800000,0x0000008f65900000)]


Current CompileTask:
C2:   7627 5232       4       groovy.lang.MetaClassImpl$1MOPIter::methodNameAction (325 bytes)

Stack: [0x0000008f65800000,0x0000008f65900000]
Native frames: (J=compiled Java code, j=interpreted, Vv=VM code, C=native code)
V  [jvm.dll+0x5fbcea]
V  [jvm.dll+0x731905]
V  [jvm.dll+0x732f1d]
V  [jvm.dll+0x7335d3]
V  [jvm.dll+0x247bf8]
V  [jvm.dll+0xc018c]
V  [jvm.dll+0xc06cc]
V  [jvm.dll+0x2bcc04]
V  [jvm.dll+0x5113a8]
V  [jvm.dll+0x201c5a]
V  [jvm.dll+0x1ff71f]
V  [jvm.dll+0x18868c]
V  [jvm.dll+0x20e0d7]
V  [jvm.dll+0x20c901]
V  [jvm.dll+0x6f9b7f]
V  [jvm.dll+0x6f26a5]
V  [jvm.dll+0x5fabf6]
C  [ucrtbase.dll+0x21bb2]
C  [KERNEL32.DLL+0x174b4]
C  [ntdll.dll+0x526a1]


---------------  P R O C E S S  ---------------

Threads class SMR info:
_java_thread_list=0x000001fa0f62da50, length=165, elements={
0x000001fa70d4e800, 0x000001fa7cd37800, 0x000001fa7cd43000, 0x000001fa7cd57800,
0x000001fa7cd58000, 0x000001fa7cd5a000, 0x000001fa7cd5d800, 0x000001fa7cd5f000,
0x000001fa7cd6a000, 0x000001fa7d828800, 0x000001fa7ecf8800, 0x000001fa7eae8800,
0x000001fa7e4b2800, 0x000001fa7ea50800, 0x000001fa7f193800, 0x000001fa7f1ca000,
0x000001fa7f1cd800, 0x000001fa0f14b000, 0x000001fa0f14d800, 0x000001fa0f1c1000,
0x000001fa0f1c8000, 0x000001fa0f1c3800, 0x000001fa0f1c2000, 0x000001fa0f1c3000,
0x000001fa0f1c4800, 0x000001fa0f1c5800, 0x000001fa0f1c6000, 0x000001fa0f1c7000,
0x000001fa0f499000, 0x000001fa0f498800, 0x000001fa0f49b800, 0x000001fa0f49e000,
0x000001fa0f49a800, 0x000001fa0f49f000, 0x000001fa0f49d000, 0x000001fa0f4a2000,
0x000001fa0f4a3800, 0x000001fa0f4a0800, 0x000001fa0f4a3000, 0x000001fa0f49f800,
0x000001fa0f4a4800, 0x000001fa0f4a5800, 0x000001fa0f4a7000, 0x000001fa0f4a6000,
0x000001fa0f4a1800, 0x000001fa112a1800, 0x000001fa1129d800, 0x000001fa1129f000,
0x000001fa1129e800, 0x000001fa112a2800, 0x000001fa112a1000, 0x000001fa112a0000,
0x000001fa1129d000, 0x000001fa112a9000, 0x000001fa112a6800, 0x000001fa112a3800,
0x000001fa112aa000, 0x000001fa112a7800, 0x000001fa112a5000, 0x000001fa112a8000,
0x000001fa112a4000, 0x000001fa112aa800, 0x000001fa112ab800, 0x000001fa112a6000,
0x000001fa11321800, 0x000001fa11322800, 0x000001fa11326800, 0x000001fa11323000,
0x000001fa11325800, 0x000001fa11325000, 0x000001fa11321000, 0x000001fa11327800,
0x000001fa11328000, 0x000001fa11329000, 0x000001fa1132a000, 0x000001fa11324000,
0x000001fa1132e800, 0x000001fa1132f800, 0x000001fa1132b800, 0x000001fa1132c000,
0x000001fa1132e000, 0x000001fa1132a800, 0x000001fa1132d000, 0x000001fa10c43800,
0x000001fa10c46000, 0x000001fa10c42000, 0x000001fa10c43000, 0x000001fa10c44800,
0x000001fa10c45000, 0x000001fa10c47000, 0x000001fa10c41000, 0x000001fa10c4b000,
0x000001fa10c4d800, 0x000001fa10c47800, 0x000001fa10c49800, 0x000001fa10c4e000,
0x000001fa10c4c800, 0x000001fa10c48800, 0x000001fa10c50000, 0x000001fa10c4b800,
0x000001fa10c4f000, 0x000001fa10c4a000, 0x000001fa10dfe800, 0x000001fa10dff000,
0x000001fa10e02800, 0x000001fa10e00000, 0x000001fa10e01000, 0x000001fa10e01800,
0x000001fa10e03800, 0x000001fa10dfd800, 0x000001fa10e05000, 0x000001fa10e07800,
0x000001fa10e08000, 0x000001fa10e09000, 0x000001fa10e05800, 0x000001fa10e04000,
0x000001fa10e06800, 0x000001fa10e0b800, 0x000001fa10e0c000, 0x000001fa10e0a000,
0x000001fa10e0a800, 0x000001fa11488800, 0x000001fa11486000, 0x000001fa11489800,
0x000001fa1148c000, 0x000001fa11488000, 0x000001fa1148a800, 0x000001fa1148b000,
0x000001fa1148d000, 0x000001fa11487000, 0x000001fa11493800, 0x000001fa11491000,
0x000001fa1148e800, 0x000001fa11492800, 0x000001fa1148d800, 0x000001fa11494000,
0x000001fa11491800, 0x000001fa11495000, 0x000001fa1148f000, 0x000001fa11490000,
0x000001fa116dd000, 0x000001fa116d8800, 0x000001fa116df000, 0x000001fa116da000,
0x000001fa116db800, 0x000001fa116de000, 0x000001fa116dc800, 0x000001fa116d9000,
0x000001fa116df800, 0x000001fa116e0800, 0x000001fa116da800, 0x000001fa116e2000,
0x000001fa116e4800, 0x000001fa116e6000, 0x000001fa116e5800, 0x000001fa116e7000,
0x000001fa116e3000, 0x000001fa116e1800, 0x000001fa116e3800, 0x000001fa112ce000,
0x000001fa112cc000, 0x000001fa112ce800, 0x000001fa112ca000, 0x000001fa112c9000,
0x000001fa112ca800
}

Java Threads: ( => current thread )
  0x000001fa70d4e800 JavaThread "main" [_thread_blocked, id=19044, stack(0x0000008f64c00000,0x0000008f64d00000)]
  0x000001fa7cd37800 JavaThread "Reference Handler" daemon [_thread_blocked, id=14952, stack(0x0000008f65300000,0x0000008f65400000)]
  0x000001fa7cd43000 JavaThread "Finalizer" daemon [_thread_blocked, id=6220, stack(0x0000008f65400000,0x0000008f65500000)]
  0x000001fa7cd57800 JavaThread "Signal Dispatcher" daemon [_thread_blocked, id=11800, stack(0x0000008f65500000,0x0000008f65600000)]
  0x000001fa7cd58000 JavaThread "Attach Listener" daemon [_thread_blocked, id=10776, stack(0x0000008f65600000,0x0000008f65700000)]
  0x000001fa7cd5a000 JavaThread "Service Thread" daemon [_thread_blocked, id=18736, stack(0x0000008f65700000,0x0000008f65800000)]
=>0x000001fa7cd5d800 JavaThread "C2 CompilerThread0" daemon [_thread_in_native, id=15988, stack(0x0000008f65800000,0x0000008f65900000)]
  0x000001fa7cd5f000 JavaThread "C1 CompilerThread0" daemon [_thread_blocked, id=9508, stack(0x0000008f65900000,0x0000008f65a00000)]
  0x000001fa7cd6a000 JavaThread "Sweeper thread" daemon [_thread_blocked, id=1604, stack(0x0000008f65a00000,0x0000008f65b00000)]
  0x000001fa7d828800 JavaThread "Common-Cleaner" daemon [_thread_blocked, id=4708, stack(0x0000008f65b00000,0x0000008f65c00000)]
  0x000001fa7ecf8800 JavaThread "Daemon health stats" [_thread_blocked, id=13892, stack(0x0000008f65e00000,0x0000008f65f00000)]
  0x000001fa7eae8800 JavaThread "Incoming local TCP Connector on port 55004" [_thread_in_native, id=10004, stack(0x0000008f65f00000,0x0000008f66000000)]
  0x000001fa7e4b2800 JavaThread "Daemon periodic checks" [_thread_blocked, id=3068, stack(0x0000008f66000000,0x0000008f66100000)]
  0x000001fa7ea50800 JavaThread "Daemon" [_thread_blocked, id=19824, stack(0x0000008f66100000,0x0000008f66200000)]
  0x000001fa7f193800 JavaThread "Handler for socket connection from /127.0.0.1:55004 to /127.0.0.1:55006" [_thread_in_native, id=9176, stack(0x0000008f66200000,0x0000008f66300000)]
  0x000001fa7f1ca000 JavaThread "Cancel handler" [_thread_blocked, id=5800, stack(0x0000008f66300000,0x0000008f66400000)]
  0x000001fa7f1cd800 JavaThread "Daemon worker" [_thread_in_vm, id=10888, stack(0x0000008f66400000,0x0000008f66500000)]
  0x000001fa0f14b000 JavaThread "Asynchronous log dispatcher for DefaultDaemonConnection: socket connection from /127.0.0.1:55004 to /127.0.0.1:55006" [_thread_blocked, id=8060, stack(0x0000008f66500000,0x0000008f66600000)]
  0x000001fa0f14d800 JavaThread "Stdin handler" [_thread_blocked, id=3532, stack(0x0000008f66600000,0x0000008f66700000)]
  0x000001fa0f1c1000 JavaThread "Daemon client event forwarder" [_thread_blocked, id=18836, stack(0x0000008f66700000,0x0000008f66800000)]
  0x000001fa0f1c8000 JavaThread "Cache worker for journal cache (C:\Users\ADMIN\.gradle\caches\journal-1)" [_thread_blocked, id=10016, stack(0x0000008f67100000,0x0000008f67200000)]
  0x000001fa0f1c3800 JavaThread "File lock request listener" [_thread_in_native, id=20372, stack(0x0000008f67200000,0x0000008f67300000)]
  0x000001fa0f1c2000 JavaThread "Cache worker for file hash cache (C:\Users\ADMIN\.gradle\caches\7.3.3\fileHashes)" [_thread_blocked, id=17500, stack(0x0000008f67300000,0x0000008f67400000)]
  0x000001fa0f1c3000 JavaThread "Cache worker for file hash cache (D:\JavaAndroid\AppDocTruyen-CuoiKi\.gradle\7.3.3\fileHashes)" [_thread_blocked, id=15880, stack(0x0000008f67600000,0x0000008f67700000)]
  0x000001fa0f1c4800 JavaThread "File watcher server" daemon [_thread_in_native, id=1688, stack(0x0000008f67700000,0x0000008f67800000)]
  0x000001fa0f1c5800 JavaThread "File watcher consumer" daemon [_thread_blocked, id=7744, stack(0x0000008f67800000,0x0000008f67900000)]
  0x000001fa0f1c6000 JavaThread "Cache worker for checksums cache (D:\JavaAndroid\AppDocTruyen-CuoiKi\.gradle\7.3.3\checksums)" [_thread_blocked, id=7768, stack(0x0000008f67900000,0x0000008f67a00000)]
  0x000001fa0f1c7000 JavaThread "Cache worker for cache directory md-supplier (C:\Users\ADMIN\.gradle\caches\7.3.3\md-supplier)" [_thread_blocked, id=16988, stack(0x0000008f67a00000,0x0000008f67b00000)]
  0x000001fa0f499000 JavaThread "Cache worker for cache directory md-rule (C:\Users\ADMIN\.gradle\caches\7.3.3\md-rule)" [_thread_blocked, id=6584, stack(0x0000008f67b00000,0x0000008f67c00000)]
  0x000001fa0f498800 JavaThread "Cache worker for execution history cache (C:\Users\ADMIN\.gradle\caches\7.3.3\executionHistory)" [_thread_blocked, id=15536, stack(0x0000008f67c00000,0x0000008f67d00000)]
  0x000001fa0f49b800 JavaThread "jar transforms" [_thread_blocked, id=9936, stack(0x0000008f67d00000,0x0000008f67e00000)]
  0x000001fa0f49e000 JavaThread "Cache worker for file content cache (C:\Users\ADMIN\.gradle\caches\7.3.3\fileContent)" [_thread_blocked, id=14152, stack(0x0000008f67e00000,0x0000008f67f00000)]
  0x000001fa0f49a800 JavaThread "jar transforms Thread 2" [_thread_blocked, id=10680, stack(0x0000008f67f00000,0x0000008f68000000)]
  0x000001fa0f49f000 JavaThread "Cache worker for dependencies-accessors (D:\JavaAndroid\AppDocTruyen-CuoiKi\.gradle\7.3.3\dependencies-accessors)" [_thread_blocked, id=1728, stack(0x0000008f68000000,0x0000008f68100000)]
  0x000001fa0f49d000 JavaThread "jar transforms Thread 3" [_thread_blocked, id=14676, stack(0x0000008f68100000,0x0000008f68200000)]
  0x000001fa0f4a2000 JavaThread "Cache worker for Build Output Cleanup Cache (D:\JavaAndroid\AppDocTruyen-CuoiKi\.gradle\buildOutputCleanup)" [_thread_blocked, id=2352, stack(0x0000008f68200000,0x0000008f68300000)]
  0x000001fa0f4a3800 JavaThread "Unconstrained build operations" [_thread_blocked, id=19644, stack(0x0000008f68300000,0x0000008f68400000)]
  0x000001fa0f4a0800 JavaThread "Unconstrained build operations Thread 2" [_thread_blocked, id=13688, stack(0x0000008f68400000,0x0000008f68500000)]
  0x000001fa0f4a3000 JavaThread "Unconstrained build operations Thread 3" [_thread_blocked, id=7068, stack(0x0000008f68500000,0x0000008f68600000)]
  0x000001fa0f49f800 JavaThread "Unconstrained build operations Thread 4" [_thread_blocked, id=4948, stack(0x0000008f68600000,0x0000008f68700000)]
  0x000001fa0f4a4800 JavaThread "Unconstrained build operations Thread 5" [_thread_blocked, id=3460, stack(0x0000008f68700000,0x0000008f68800000)]
  0x000001fa0f4a5800 JavaThread "Unconstrained build operations Thread 6" [_thread_blocked, id=4268, stack(0x0000008f68800000,0x0000008f68900000)]
  0x000001fa0f4a7000 JavaThread "Unconstrained build operations Thread 7" [_thread_blocked, id=14828, stack(0x0000008f68900000,0x0000008f68a00000)]
  0x000001fa0f4a6000 JavaThread "Unconstrained build operations Thread 8" [_thread_blocked, id=16532, stack(0x0000008f68a00000,0x0000008f68b00000)]
  0x000001fa0f4a1800 JavaThread "Unconstrained build operations Thread 9" [_thread_blocked, id=5292, stack(0x0000008f68b00000,0x0000008f68c00000)]
  0x000001fa112a1800 JavaThread "Unconstrained build operations Thread 10" [_thread_blocked, id=18692, stack(0x0000008f68c00000,0x0000008f68d00000)]
  0x000001fa1129d800 JavaThread "Unconstrained build operations Thread 11" [_thread_blocked, id=9536, stack(0x0000008f68d00000,0x0000008f68e00000)]
  0x000001fa1129f000 JavaThread "Unconstrained build operations Thread 12" [_thread_blocked, id=14860, stack(0x0000008f68e00000,0x0000008f68f00000)]
  0x000001fa1129e800 JavaThread "Unconstrained build operations Thread 13" [_thread_blocked, id=12560, stack(0x0000008f68f00000,0x0000008f69000000)]
  0x000001fa112a2800 JavaThread "Unconstrained build operations Thread 14" [_thread_blocked, id=652, stack(0x0000008f69000000,0x0000008f69100000)]
  0x000001fa112a1000 JavaThread "Unconstrained build operations Thread 15" [_thread_blocked, id=3836, stack(0x0000008f69100000,0x0000008f69200000)]
  0x000001fa112a0000 JavaThread "Unconstrained build operations Thread 16" [_thread_blocked, id=12344, stack(0x0000008f69200000,0x0000008f69300000)]
  0x000001fa1129d000 JavaThread "Unconstrained build operations Thread 17" [_thread_blocked, id=15080, stack(0x0000008f69300000,0x0000008f69400000)]
  0x000001fa112a9000 JavaThread "Unconstrained build operations Thread 18" [_thread_blocked, id=2168, stack(0x0000008f69400000,0x0000008f69500000)]
  0x000001fa112a6800 JavaThread "Unconstrained build operations Thread 19" [_thread_blocked, id=3704, stack(0x0000008f69500000,0x0000008f69600000)]
  0x000001fa112a3800 JavaThread "Unconstrained build operations Thread 20" [_thread_blocked, id=3500, stack(0x0000008f69600000,0x0000008f69700000)]
  0x000001fa112aa000 JavaThread "Unconstrained build operations Thread 21" [_thread_blocked, id=6912, stack(0x0000008f69700000,0x0000008f69800000)]
  0x000001fa112a7800 JavaThread "Unconstrained build operations Thread 22" [_thread_blocked, id=5832, stack(0x0000008f69800000,0x0000008f69900000)]
  0x000001fa112a5000 JavaThread "Unconstrained build operations Thread 23" [_thread_blocked, id=12904, stack(0x0000008f69900000,0x0000008f69a00000)]
  0x000001fa112a8000 JavaThread "Unconstrained build operations Thread 24" [_thread_blocked, id=14032, stack(0x0000008f69a00000,0x0000008f69b00000)]
  0x000001fa112a4000 JavaThread "Unconstrained build operations Thread 25" [_thread_blocked, id=8304, stack(0x0000008f69b00000,0x0000008f69c00000)]
  0x000001fa112aa800 JavaThread "Unconstrained build operations Thread 26" [_thread_blocked, id=21380, stack(0x0000008f69c00000,0x0000008f69d00000)]
  0x000001fa112ab800 JavaThread "Unconstrained build operations Thread 27" [_thread_blocked, id=7468, stack(0x0000008f69d00000,0x0000008f69e00000)]
  0x000001fa112a6000 JavaThread "Unconstrained build operations Thread 28" [_thread_blocked, id=12828, stack(0x0000008f69e00000,0x0000008f69f00000)]
  0x000001fa11321800 JavaThread "Unconstrained build operations Thread 29" [_thread_blocked, id=13952, stack(0x0000008f69f00000,0x0000008f6a000000)]
  0x000001fa11322800 JavaThread "Unconstrained build operations Thread 30" [_thread_blocked, id=11060, stack(0x0000008f6a000000,0x0000008f6a100000)]
  0x000001fa11326800 JavaThread "Unconstrained build operations Thread 31" [_thread_blocked, id=20648, stack(0x0000008f6a100000,0x0000008f6a200000)]
  0x000001fa11323000 JavaThread "Unconstrained build operations Thread 32" [_thread_blocked, id=4976, stack(0x0000008f6a200000,0x0000008f6a300000)]
  0x000001fa11325800 JavaThread "Unconstrained build operations Thread 33" [_thread_blocked, id=14532, stack(0x0000008f6a300000,0x0000008f6a400000)]
  0x000001fa11325000 JavaThread "Unconstrained build operations Thread 34" [_thread_blocked, id=15288, stack(0x0000008f6a400000,0x0000008f6a500000)]
  0x000001fa11321000 JavaThread "Unconstrained build operations Thread 35" [_thread_blocked, id=8400, stack(0x0000008f6a500000,0x0000008f6a600000)]
  0x000001fa11327800 JavaThread "Unconstrained build operations Thread 36" [_thread_blocked, id=12616, stack(0x0000008f6a600000,0x0000008f6a700000)]
  0x000001fa11328000 JavaThread "Unconstrained build operations Thread 37" [_thread_blocked, id=10924, stack(0x0000008f6a700000,0x0000008f6a800000)]
  0x000001fa11329000 JavaThread "Unconstrained build operations Thread 38" [_thread_blocked, id=5964, stack(0x0000008f6a800000,0x0000008f6a900000)]
  0x000001fa1132a000 JavaThread "Unconstrained build operations Thread 39" [_thread_blocked, id=11456, stack(0x0000008f6a900000,0x0000008f6aa00000)]
  0x000001fa11324000 JavaThread "Unconstrained build operations Thread 40" [_thread_blocked, id=1260, stack(0x0000008f6aa00000,0x0000008f6ab00000)]
  0x000001fa1132e800 JavaThread "Unconstrained build operations Thread 41" [_thread_blocked, id=1984, stack(0x0000008f6ab00000,0x0000008f6ac00000)]
  0x000001fa1132f800 JavaThread "Unconstrained build operations Thread 42" [_thread_blocked, id=11292, stack(0x0000008f6ac00000,0x0000008f6ad00000)]
  0x000001fa1132b800 JavaThread "Unconstrained build operations Thread 43" [_thread_blocked, id=17776, stack(0x0000008f6ad00000,0x0000008f6ae00000)]
  0x000001fa1132c000 JavaThread "Unconstrained build operations Thread 44" [_thread_blocked, id=14648, stack(0x0000008f6ae00000,0x0000008f6af00000)]
  0x000001fa1132e000 JavaThread "Unconstrained build operations Thread 45" [_thread_blocked, id=19688, stack(0x0000008f6af00000,0x0000008f6b000000)]
  0x000001fa1132a800 JavaThread "Unconstrained build operations Thread 46" [_thread_blocked, id=11588, stack(0x0000008f6b000000,0x0000008f6b100000)]
  0x000001fa1132d000 JavaThread "Unconstrained build operations Thread 47" [_thread_blocked, id=21396, stack(0x0000008f6b100000,0x0000008f6b200000)]
  0x000001fa10c43800 JavaThread "Unconstrained build operations Thread 48" [_thread_blocked, id=14760, stack(0x0000008f6b200000,0x0000008f6b300000)]
  0x000001fa10c46000 JavaThread "Unconstrained build operations Thread 49" [_thread_blocked, id=10028, stack(0x0000008f6b300000,0x0000008f6b400000)]
  0x000001fa10c42000 JavaThread "Unconstrained build operations Thread 50" [_thread_blocked, id=16180, stack(0x0000008f6b400000,0x0000008f6b500000)]
  0x000001fa10c43000 JavaThread "Unconstrained build operations Thread 51" [_thread_blocked, id=6832, stack(0x0000008f6b500000,0x0000008f6b600000)]
  0x000001fa10c44800 JavaThread "Unconstrained build operations Thread 52" [_thread_blocked, id=14636, stack(0x0000008f6b600000,0x0000008f6b700000)]
  0x000001fa10c45000 JavaThread "Unconstrained build operations Thread 53" [_thread_blocked, id=11564, stack(0x0000008f6b700000,0x0000008f6b800000)]
  0x000001fa10c47000 JavaThread "Unconstrained build operations Thread 54" [_thread_blocked, id=17688, stack(0x0000008f6b800000,0x0000008f6b900000)]
  0x000001fa10c41000 JavaThread "Unconstrained build operations Thread 55" [_thread_blocked, id=2840, stack(0x0000008f6b900000,0x0000008f6ba00000)]
  0x000001fa10c4b000 JavaThread "Unconstrained build operations Thread 56" [_thread_blocked, id=19988, stack(0x0000008f6ba00000,0x0000008f6bb00000)]
  0x000001fa10c4d800 JavaThread "Unconstrained build operations Thread 57" [_thread_blocked, id=6136, stack(0x0000008f6bb00000,0x0000008f6bc00000)]
  0x000001fa10c47800 JavaThread "Unconstrained build operations Thread 58" [_thread_blocked, id=12528, stack(0x0000008f6bc00000,0x0000008f6bd00000)]
  0x000001fa10c49800 JavaThread "Unconstrained build operations Thread 59" [_thread_blocked, id=3488, stack(0x0000008f6bd00000,0x0000008f6be00000)]
  0x000001fa10c4e000 JavaThread "Unconstrained build operations Thread 60" [_thread_blocked, id=13628, stack(0x0000008f6be00000,0x0000008f6bf00000)]
  0x000001fa10c4c800 JavaThread "Unconstrained build operations Thread 61" [_thread_blocked, id=7944, stack(0x0000008f6bf00000,0x0000008f6c000000)]
  0x000001fa10c48800 JavaThread "Unconstrained build operations Thread 62" [_thread_blocked, id=10984, stack(0x0000008f6c000000,0x0000008f6c100000)]
  0x000001fa10c50000 JavaThread "Unconstrained build operations Thread 63" [_thread_blocked, id=21336, stack(0x0000008f6c100000,0x0000008f6c200000)]
  0x000001fa10c4b800 JavaThread "Unconstrained build operations Thread 64" [_thread_blocked, id=11540, stack(0x0000008f6c200000,0x0000008f6c300000)]
  0x000001fa10c4f000 JavaThread "Unconstrained build operations Thread 65" [_thread_blocked, id=7388, stack(0x0000008f6c300000,0x0000008f6c400000)]
  0x000001fa10c4a000 JavaThread "Unconstrained build operations Thread 66" [_thread_blocked, id=10792, stack(0x0000008f6c400000,0x0000008f6c500000)]
  0x000001fa10dfe800 JavaThread "Unconstrained build operations Thread 67" [_thread_blocked, id=11924, stack(0x0000008f6c500000,0x0000008f6c600000)]
  0x000001fa10dff000 JavaThread "Unconstrained build operations Thread 68" [_thread_blocked, id=21268, stack(0x0000008f6c600000,0x0000008f6c700000)]
  0x000001fa10e02800 JavaThread "Unconstrained build operations Thread 69" [_thread_blocked, id=556, stack(0x0000008f6c700000,0x0000008f6c800000)]
  0x000001fa10e00000 JavaThread "Unconstrained build operations Thread 70" [_thread_blocked, id=9292, stack(0x0000008f6c800000,0x0000008f6c900000)]
  0x000001fa10e01000 JavaThread "Unconstrained build operations Thread 71" [_thread_blocked, id=13112, stack(0x0000008f6c900000,0x0000008f6ca00000)]
  0x000001fa10e01800 JavaThread "Unconstrained build operations Thread 72" [_thread_blocked, id=10504, stack(0x0000008f6ca00000,0x0000008f6cb00000)]
  0x000001fa10e03800 JavaThread "Unconstrained build operations Thread 73" [_thread_blocked, id=4964, stack(0x0000008f6cb00000,0x0000008f6cc00000)]
  0x000001fa10dfd800 JavaThread "Unconstrained build operations Thread 74" [_thread_blocked, id=1932, stack(0x0000008f6cc00000,0x0000008f6cd00000)]
  0x000001fa10e05000 JavaThread "Unconstrained build operations Thread 75" [_thread_blocked, id=13132, stack(0x0000008f6cd00000,0x0000008f6ce00000)]
  0x000001fa10e07800 JavaThread "Unconstrained build operations Thread 76" [_thread_blocked, id=5440, stack(0x0000008f6ce00000,0x0000008f6cf00000)]
  0x000001fa10e08000 JavaThread "Unconstrained build operations Thread 77" [_thread_blocked, id=516, stack(0x0000008f6cf00000,0x0000008f6d000000)]
  0x000001fa10e09000 JavaThread "Unconstrained build operations Thread 78" [_thread_blocked, id=3556, stack(0x0000008f6d000000,0x0000008f6d100000)]
  0x000001fa10e05800 JavaThread "Unconstrained build operations Thread 79" [_thread_blocked, id=13144, stack(0x0000008f6d100000,0x0000008f6d200000)]
  0x000001fa10e04000 JavaThread "Unconstrained build operations Thread 80" [_thread_blocked, id=3764, stack(0x0000008f6d200000,0x0000008f6d300000)]
  0x000001fa10e06800 JavaThread "Unconstrained build operations Thread 81" [_thread_blocked, id=6428, stack(0x0000008f6d300000,0x0000008f6d400000)]
  0x000001fa10e0b800 JavaThread "Unconstrained build operations Thread 82" [_thread_blocked, id=10096, stack(0x0000008f6d400000,0x0000008f6d500000)]
  0x000001fa10e0c000 JavaThread "Unconstrained build operations Thread 83" [_thread_blocked, id=20168, stack(0x0000008f6d500000,0x0000008f6d600000)]
  0x000001fa10e0a000 JavaThread "Unconstrained build operations Thread 84" [_thread_blocked, id=13208, stack(0x0000008f6d600000,0x0000008f6d700000)]
  0x000001fa10e0a800 JavaThread "Unconstrained build operations Thread 85" [_thread_blocked, id=7676, stack(0x0000008f6d700000,0x0000008f6d800000)]
  0x000001fa11488800 JavaThread "Unconstrained build operations Thread 86" [_thread_blocked, id=1460, stack(0x0000008f6d800000,0x0000008f6d900000)]
  0x000001fa11486000 JavaThread "Unconstrained build operations Thread 87" [_thread_blocked, id=8788, stack(0x0000008f6d900000,0x0000008f6da00000)]
  0x000001fa11489800 JavaThread "Unconstrained build operations Thread 88" [_thread_blocked, id=15020, stack(0x0000008f6da00000,0x0000008f6db00000)]
  0x000001fa1148c000 JavaThread "Unconstrained build operations Thread 89" [_thread_blocked, id=3504, stack(0x0000008f6db00000,0x0000008f6dc00000)]
  0x000001fa11488000 JavaThread "Unconstrained build operations Thread 90" [_thread_blocked, id=9308, stack(0x0000008f6dc00000,0x0000008f6dd00000)]
  0x000001fa1148a800 JavaThread "Unconstrained build operations Thread 91" [_thread_blocked, id=13100, stack(0x0000008f6dd00000,0x0000008f6de00000)]
  0x000001fa1148b000 JavaThread "Unconstrained build operations Thread 92" [_thread_blocked, id=2088, stack(0x0000008f6de00000,0x0000008f6df00000)]
  0x000001fa1148d000 JavaThread "Unconstrained build operations Thread 93" [_thread_blocked, id=11320, stack(0x0000008f6df00000,0x0000008f6e000000)]
  0x000001fa11487000 JavaThread "Unconstrained build operations Thread 94" [_thread_blocked, id=12264, stack(0x0000008f6e000000,0x0000008f6e100000)]
  0x000001fa11493800 JavaThread "Unconstrained build operations Thread 95" [_thread_blocked, id=4860, stack(0x0000008f6e100000,0x0000008f6e200000)]
  0x000001fa11491000 JavaThread "Unconstrained build operations Thread 96" [_thread_blocked, id=17000, stack(0x0000008f6e200000,0x0000008f6e300000)]
  0x000001fa1148e800 JavaThread "Unconstrained build operations Thread 97" [_thread_blocked, id=12688, stack(0x0000008f6e300000,0x0000008f6e400000)]
  0x000001fa11492800 JavaThread "Unconstrained build operations Thread 98" [_thread_blocked, id=7764, stack(0x0000008f6e400000,0x0000008f6e500000)]
  0x000001fa1148d800 JavaThread "Unconstrained build operations Thread 99" [_thread_blocked, id=7700, stack(0x0000008f6e500000,0x0000008f6e600000)]
  0x000001fa11494000 JavaThread "Unconstrained build operations Thread 100" [_thread_blocked, id=13428, stack(0x0000008f6e600000,0x0000008f6e700000)]
  0x000001fa11491800 JavaThread "Unconstrained build operations Thread 101" [_thread_blocked, id=2220, stack(0x0000008f6e700000,0x0000008f6e800000)]
  0x000001fa11495000 JavaThread "Unconstrained build operations Thread 102" [_thread_blocked, id=2420, stack(0x0000008f6e800000,0x0000008f6e900000)]
  0x000001fa1148f000 JavaThread "Unconstrained build operations Thread 103" [_thread_blocked, id=16536, stack(0x0000008f6e900000,0x0000008f6ea00000)]
  0x000001fa11490000 JavaThread "Unconstrained build operations Thread 104" [_thread_blocked, id=14872, stack(0x0000008f6ea00000,0x0000008f6eb00000)]
  0x000001fa116dd000 JavaThread "Unconstrained build operations Thread 105" [_thread_blocked, id=18944, stack(0x0000008f6eb00000,0x0000008f6ec00000)]
  0x000001fa116d8800 JavaThread "Unconstrained build operations Thread 106" [_thread_blocked, id=2284, stack(0x0000008f6ec00000,0x0000008f6ed00000)]
  0x000001fa116df000 JavaThread "Unconstrained build operations Thread 107" [_thread_blocked, id=6768, stack(0x0000008f6ed00000,0x0000008f6ee00000)]
  0x000001fa116da000 JavaThread "Unconstrained build operations Thread 108" [_thread_blocked, id=8628, stack(0x0000008f6ee00000,0x0000008f6ef00000)]
  0x000001fa116db800 JavaThread "Unconstrained build operations Thread 109" [_thread_blocked, id=20256, stack(0x0000008f6ef00000,0x0000008f6f000000)]
  0x000001fa116de000 JavaThread "Unconstrained build operations Thread 110" [_thread_blocked, id=4608, stack(0x0000008f6f000000,0x0000008f6f100000)]
  0x000001fa116dc800 JavaThread "Unconstrained build operations Thread 111" [_thread_blocked, id=3940, stack(0x0000008f6f100000,0x0000008f6f200000)]
  0x000001fa116d9000 JavaThread "Unconstrained build operations Thread 112" [_thread_blocked, id=18716, stack(0x0000008f6f200000,0x0000008f6f300000)]
  0x000001fa116df800 JavaThread "Unconstrained build operations Thread 113" [_thread_blocked, id=7408, stack(0x0000008f6f300000,0x0000008f6f400000)]
  0x000001fa116e0800 JavaThread "Unconstrained build operations Thread 114" [_thread_blocked, id=3176, stack(0x0000008f6f400000,0x0000008f6f500000)]
  0x000001fa116da800 JavaThread "Unconstrained build operations Thread 115" [_thread_blocked, id=7180, stack(0x0000008f6f500000,0x0000008f6f600000)]
  0x000001fa116e2000 JavaThread "Unconstrained build operations Thread 116" [_thread_blocked, id=20616, stack(0x0000008f6f600000,0x0000008f6f700000)]
  0x000001fa116e4800 JavaThread "Unconstrained build operations Thread 117" [_thread_blocked, id=11028, stack(0x0000008f6f700000,0x0000008f6f800000)]
  0x000001fa116e6000 JavaThread "Unconstrained build operations Thread 118" [_thread_blocked, id=16308, stack(0x0000008f6f800000,0x0000008f6f900000)]
  0x000001fa116e5800 JavaThread "Unconstrained build operations Thread 119" [_thread_blocked, id=13036, stack(0x0000008f6f900000,0x0000008f6fa00000)]
  0x000001fa116e7000 JavaThread "Unconstrained build operations Thread 120" [_thread_blocked, id=7688, stack(0x0000008f6fa00000,0x0000008f6fb00000)]
  0x000001fa116e3000 JavaThread "jar transforms Thread 4" [_thread_blocked, id=6608, stack(0x0000008f6fb00000,0x0000008f6fc00000)]
  0x000001fa116e1800 JavaThread "jar transforms Thread 5" [_thread_blocked, id=11276, stack(0x0000008f6fc00000,0x0000008f6fd00000)]
  0x000001fa116e3800 JavaThread "jar transforms Thread 6" [_thread_blocked, id=11360, stack(0x0000008f6fd00000,0x0000008f6fe00000)]
  0x000001fa112ce000 JavaThread "jar transforms Thread 7" [_thread_blocked, id=10572, stack(0x0000008f6fe00000,0x0000008f6ff00000)]
  0x000001fa112cc000 JavaThread "jar transforms Thread 8" [_thread_blocked, id=2504, stack(0x0000008f6ff00000,0x0000008f70000000)]
  0x000001fa112ce800 JavaThread "jar transforms Thread 9" [_thread_blocked, id=5192, stack(0x0000008f70000000,0x0000008f70100000)]
  0x000001fa112ca000 JavaThread "jar transforms Thread 10" [_thread_blocked, id=10132, stack(0x0000008f70100000,0x0000008f70200000)]
  0x000001fa112c9000 JavaThread "jar transforms Thread 11" [_thread_blocked, id=4008, stack(0x0000008f70200000,0x0000008f70300000)]
  0x000001fa112ca800 JavaThread "jar transforms Thread 12" [_thread_blocked, id=14140, stack(0x0000008f70300000,0x0000008f70400000)]

Other Threads:
  0x000001fa7cd33800 VMThread "VM Thread" [stack: 0x0000008f65200000,0x0000008f65300000] [id=15104]
  0x000001fa7d86c800 WatcherThread [stack: 0x0000008f65c00000,0x0000008f65d00000] [id=10688]
  0x000001fa70d68000 GCTaskThread "GC Thread#0" [stack: 0x0000008f64d00000,0x0000008f64e00000] [id=8876]
  0x000001fa7e51d800 GCTaskThread "GC Thread#1" [stack: 0x0000008f65d00000,0x0000008f65e00000] [id=20388]
  0x000001fa0f1b5800 GCTaskThread "GC Thread#2" [stack: 0x0000008f66800000,0x0000008f66900000] [id=11532]
  0x000001fa0f1b6800 GCTaskThread "GC Thread#3" [stack: 0x0000008f66900000,0x0000008f66a00000] [id=9304]
  0x000001fa0f1b7000 GCTaskThread "GC Thread#4" [stack: 0x0000008f66a00000,0x0000008f66b00000] [id=8420]
  0x000001fa0f1b7800 GCTaskThread "GC Thread#5" [stack: 0x0000008f66b00000,0x0000008f66c00000] [id=1816]
  0x000001fa0f1b8800 GCTaskThread "GC Thread#6" [stack: 0x0000008f66c00000,0x0000008f66d00000] [id=19992]
  0x000001fa0f1bf000 GCTaskThread "GC Thread#7" [stack: 0x0000008f66d00000,0x0000008f66e00000] [id=19024]
  0x000001fa0f1c0000 GCTaskThread "GC Thread#8" [stack: 0x0000008f66e00000,0x0000008f66f00000] [id=19632]
  0x000001fa0f104000 GCTaskThread "GC Thread#9" [stack: 0x0000008f66f00000,0x0000008f67000000] [id=19656]
  0x000001fa70d98000 ConcurrentGCThread "G1 Main Marker" [stack: 0x0000008f64e00000,0x0000008f64f00000] [id=6528]
  0x000001fa70d9d800 ConcurrentGCThread "G1 Conc#0" [stack: 0x0000008f64f00000,0x0000008f65000000] [id=20876]
  0x000001fa0f1d5000 ConcurrentGCThread "G1 Conc#1" [stack: 0x0000008f67400000,0x0000008f67500000] [id=20548]
  0x000001fa0f3aa000 ConcurrentGCThread "G1 Conc#2" [stack: 0x0000008f67500000,0x0000008f67600000] [id=12224]
  0x000001fa70e2e000 ConcurrentGCThread "G1 Refine#0" [stack: 0x0000008f65000000,0x0000008f65100000] [id=12176]
  0x000001fa0f11a800 ConcurrentGCThread "G1 Refine#1" [stack: 0x0000008f67000000,0x0000008f67100000] [id=14764]
  0x000001fa7cb86800 ConcurrentGCThread "G1 Young RemSet Sampling" [stack: 0x0000008f65100000,0x0000008f65200000] [id=21392]

Threads with active compile tasks:
C2 CompilerThread0   7658 5232       4       groovy.lang.MetaClassImpl$1MOPIter::methodNameAction (325 bytes)

VM state:not at safepoint (normal execution)

VM Mutex/Monitor currently owned by a thread: None

Heap address: 0x0000000080000000, size: 2048 MB, Compressed Oops mode: 32-bit
Narrow klass base: 0x0000000000000000, Narrow klass shift: 3
Compressed class space size: 1073741824 Address: 0x0000000100000000

Heap:
 garbage-first heap   total 122880K, used 42722K [0x0000000080000000, 0x0000000100000000)
  region size 1024K, 9 young (9216K), 7 survivors (7168K)
 Metaspace       used 48566K, capacity 49851K, committed 50048K, reserved 1093632K
  class space    used 6221K, capacity 6675K, committed 6784K, reserved 1048576K
Heap Regions: E=young(eden), S=young(survivor), O=old, HS=humongous(starts), HC=humongous(continues), CS=collection set, F=free, A=archive, TAMS=top-at-mark-start (previous, next)
|   0|0x0000000080000000, 0x0000000080100000, 0x0000000080100000|100%| O|  |TAMS 0x0000000080100000, 0x0000000080000000| Untracked 
|   1|0x0000000080100000, 0x0000000080200000, 0x0000000080200000|100%| O|  |TAMS 0x0000000080200000, 0x0000000080100000| Untracked 
|   2|0x0000000080200000, 0x0000000080300000, 0x0000000080300000|100%| O|  |TAMS 0x0000000080300000, 0x0000000080200000| Untracked 
|   3|0x0000000080300000, 0x0000000080400000, 0x0000000080400000|100%|HS|  |TAMS 0x0000000080400000, 0x0000000080300000| Complete 
|   4|0x0000000080400000, 0x0000000080500000, 0x0000000080500000|100%|HC|  |TAMS 0x0000000080500000, 0x0000000080400000| Complete 
|   5|0x0000000080500000, 0x0000000080600000, 0x0000000080600000|100%|HC|  |TAMS 0x0000000080600000, 0x0000000080500000| Complete 
|   6|0x0000000080600000, 0x0000000080700000, 0x0000000080700000|100%| O|  |TAMS 0x0000000080700000, 0x0000000080600000| Untracked 
|   7|0x0000000080700000, 0x0000000080800000, 0x0000000080800000|100%| O|  |TAMS 0x0000000080800000, 0x0000000080700000| Untracked 
|   8|0x0000000080800000, 0x0000000080900000, 0x0000000080900000|100%| O|  |TAMS 0x0000000080900000, 0x0000000080800000| Untracked 
|   9|0x0000000080900000, 0x0000000080a00000, 0x0000000080a00000|100%| O|  |TAMS 0x0000000080a00000, 0x0000000080900000| Untracked 
|  10|0x0000000080a00000, 0x0000000080b00000, 0x0000000080b00000|100%| O|  |TAMS 0x0000000080b00000, 0x0000000080a00000| Untracked 
|  11|0x0000000080b00000, 0x0000000080c00000, 0x0000000080c00000|100%| O|  |TAMS 0x0000000080c00000, 0x0000000080b00000| Untracked 
|  12|0x0000000080c00000, 0x0000000080d00000, 0x0000000080d00000|100%| O|  |TAMS 0x0000000080d00000, 0x0000000080c00000| Untracked 
|  13|0x0000000080d00000, 0x0000000080e00000, 0x0000000080e00000|100%| O|  |TAMS 0x0000000080e00000, 0x0000000080d00000| Untracked 
|  14|0x0000000080e00000, 0x0000000080f00000, 0x0000000080f00000|100%| O|  |TAMS 0x0000000080f00000, 0x0000000080e00000| Untracked 
|  15|0x0000000080f00000, 0x0000000081000000, 0x0000000081000000|100%| O|  |TAMS 0x0000000081000000, 0x0000000080f00000| Untracked 
|  16|0x0000000081000000, 0x0000000081100000, 0x0000000081100000|100%| O|  |TAMS 0x0000000081062c00, 0x0000000081000000| Untracked 
|  17|0x0000000081100000, 0x0000000081200000, 0x0000000081200000|100%| O|  |TAMS 0x0000000081100000, 0x0000000081100000| Untracked 
|  18|0x0000000081200000, 0x0000000081300000, 0x0000000081300000|100%| O|  |TAMS 0x0000000081200000, 0x0000000081200000| Untracked 
|  19|0x0000000081300000, 0x0000000081400000, 0x0000000081400000|100%| O|  |TAMS 0x0000000081300000, 0x0000000081300000| Untracked 
|  20|0x0000000081400000, 0x0000000081500000, 0x0000000081500000|100%| O|  |TAMS 0x0000000081400000, 0x0000000081400000| Untracked 
|  21|0x0000000081500000, 0x0000000081600000, 0x0000000081600000|100%| O|  |TAMS 0x0000000081500000, 0x0000000081500000| Untracked 
|  22|0x0000000081600000, 0x0000000081700000, 0x0000000081700000|100%| O|  |TAMS 0x0000000081600000, 0x0000000081600000| Untracked 
|  23|0x0000000081700000, 0x0000000081800000, 0x0000000081800000|100%| O|  |TAMS 0x0000000081700000, 0x0000000081700000| Untracked 
|  24|0x0000000081800000, 0x0000000081900000, 0x0000000081900000|100%| O|  |TAMS 0x0000000081800000, 0x0000000081800000| Untracked 
|  25|0x0000000081900000, 0x0000000081a00000, 0x0000000081a00000|100%| O|  |TAMS 0x0000000081900000, 0x0000000081900000| Untracked 
|  26|0x0000000081a00000, 0x0000000081b00000, 0x0000000081b00000|100%|HS|  |TAMS 0x0000000081a00000, 0x0000000081a00000| Complete 
|  27|0x0000000081b00000, 0x0000000081c00000, 0x0000000081c00000|100%|HS|  |TAMS 0x0000000081b00000, 0x0000000081b00000| Complete 
|  28|0x0000000081c00000, 0x0000000081d00000, 0x0000000081d00000|100%| O|  |TAMS 0x0000000081c00000, 0x0000000081c00000| Untracked 
|  29|0x0000000081d00000, 0x0000000081e00000, 0x0000000081e00000|100%| O|  |TAMS 0x0000000081d00000, 0x0000000081d00000| Untracked 
|  30|0x0000000081e00000, 0x0000000081f00000, 0x0000000081f00000|100%| O|  |TAMS 0x0000000081e00000, 0x0000000081e00000| Untracked 
|  31|0x0000000081f00000, 0x0000000081fb8a00, 0x0000000082000000| 72%| O|  |TAMS 0x0000000081f00000, 0x0000000081f00000| Untracked 
|  32|0x0000000082000000, 0x0000000082100000, 0x0000000082100000|100%|HS|  |TAMS 0x0000000082000000, 0x0000000082000000| Complete 
|  33|0x0000000082100000, 0x0000000082200000, 0x0000000082200000|100%|HC|  |TAMS 0x0000000082100000, 0x0000000082100000| Complete 
|  34|0x0000000082200000, 0x0000000082200000, 0x0000000082300000|  0%| F|  |TAMS 0x0000000082200000, 0x0000000082200000| Untracked 
|  35|0x0000000082300000, 0x0000000082300000, 0x0000000082400000|  0%| F|  |TAMS 0x0000000082300000, 0x0000000082300000| Untracked 
|  36|0x0000000082400000, 0x0000000082400000, 0x0000000082500000|  0%| F|  |TAMS 0x0000000082400000, 0x0000000082400000| Untracked 
|  37|0x0000000082500000, 0x0000000082500000, 0x0000000082600000|  0%| F|  |TAMS 0x0000000082500000, 0x0000000082500000| Untracked 
|  38|0x0000000082600000, 0x0000000082600000, 0x0000000082700000|  0%| F|  |TAMS 0x0000000082600000, 0x0000000082600000| Untracked 
|  39|0x0000000082700000, 0x0000000082700000, 0x0000000082800000|  0%| F|  |TAMS 0x0000000082700000, 0x0000000082700000| Untracked 
|  40|0x0000000082800000, 0x0000000082800000, 0x0000000082900000|  0%| F|  |TAMS 0x0000000082800000, 0x0000000082800000| Untracked 
|  41|0x0000000082900000, 0x0000000082900000, 0x0000000082a00000|  0%| F|  |TAMS 0x0000000082900000, 0x0000000082900000| Untracked 
|  42|0x0000000082a00000, 0x0000000082a00000, 0x0000000082b00000|  0%| F|  |TAMS 0x0000000082a00000, 0x0000000082a00000| Untracked 
|  43|0x0000000082b00000, 0x0000000082b00000, 0x0000000082c00000|  0%| F|  |TAMS 0x0000000082b00000, 0x0000000082b00000| Untracked 
|  44|0x0000000082c00000, 0x0000000082c00000, 0x0000000082d00000|  0%| F|  |TAMS 0x0000000082c00000, 0x0000000082c00000| Untracked 
|  45|0x0000000082d00000, 0x0000000082d00000, 0x0000000082e00000|  0%| F|  |TAMS 0x0000000082d00000, 0x0000000082d00000| Untracked 
|  46|0x0000000082e00000, 0x0000000082e00000, 0x0000000082f00000|  0%| F|  |TAMS 0x0000000082e00000, 0x0000000082e00000| Untracked 
|  47|0x0000000082f00000, 0x0000000082f00000, 0x0000000083000000|  0%| F|  |TAMS 0x0000000082f00000, 0x0000000082f00000| Untracked 
|  48|0x0000000083000000, 0x0000000083000000, 0x0000000083100000|  0%| F|  |TAMS 0x0000000083000000, 0x0000000083000000| Untracked 
|  49|0x0000000083100000, 0x0000000083100000, 0x0000000083200000|  0%| F|  |TAMS 0x0000000083100000, 0x0000000083100000| Untracked 
|  50|0x0000000083200000, 0x0000000083200000, 0x0000000083300000|  0%| F|  |TAMS 0x0000000083200000, 0x0000000083200000| Untracked 
|  51|0x0000000083300000, 0x0000000083300000, 0x0000000083400000|  0%| F|  |TAMS 0x0000000083300000, 0x0000000083300000| Untracked 
|  52|0x0000000083400000, 0x0000000083400000, 0x0000000083500000|  0%| F|  |TAMS 0x0000000083400000, 0x0000000083400000| Untracked 
|  53|0x0000000083500000, 0x0000000083500000, 0x0000000083600000|  0%| F|  |TAMS 0x0000000083500000, 0x0000000083500000| Untracked 
|  54|0x0000000083600000, 0x0000000083600000, 0x0000000083700000|  0%| F|  |TAMS 0x0000000083600000, 0x0000000083600000| Untracked 
|  55|0x0000000083700000, 0x0000000083700000, 0x0000000083800000|  0%| F|  |TAMS 0x0000000083700000, 0x0000000083700000| Untracked 
|  56|0x0000000083800000, 0x0000000083800000, 0x0000000083900000|  0%| F|  |TAMS 0x0000000083800000, 0x0000000083800000| Untracked 
|  57|0x0000000083900000, 0x0000000083a00000, 0x0000000083a00000|100%| S|CS|TAMS 0x0000000083900000, 0x0000000083900000| Complete 
|  58|0x0000000083a00000, 0x0000000083b00000, 0x0000000083b00000|100%| S|CS|TAMS 0x0000000083a00000, 0x0000000083a00000| Complete 
|  59|0x0000000083b00000, 0x0000000083c00000, 0x0000000083c00000|100%| S|CS|TAMS 0x0000000083b00000, 0x0000000083b00000| Complete 
|  60|0x0000000083c00000, 0x0000000083d00000, 0x0000000083d00000|100%| S|CS|TAMS 0x0000000083c00000, 0x0000000083c00000| Complete 
|  61|0x0000000083d00000, 0x0000000083e00000, 0x0000000083e00000|100%| S|CS|TAMS 0x0000000083d00000, 0x0000000083d00000| Complete 
|  62|0x0000000083e00000, 0x0000000083e00000, 0x0000000083f00000|  0%| F|  |TAMS 0x0000000083e00000, 0x0000000083e00000| Untracked 
|  63|0x0000000083f00000, 0x0000000083f00000, 0x0000000084000000|  0%| F|  |TAMS 0x0000000083f00000, 0x0000000083f00000| Untracked 
|  64|0x0000000084000000, 0x0000000084000000, 0x0000000084100000|  0%| F|  |TAMS 0x0000000084000000, 0x0000000084000000| Untracked 
|  65|0x0000000084100000, 0x0000000084100000, 0x0000000084200000|  0%| F|  |TAMS 0x0000000084100000, 0x0000000084100000| Untracked 
|  66|0x0000000084200000, 0x0000000084200000, 0x0000000084300000|  0%| F|  |TAMS 0x0000000084200000, 0x0000000084200000| Untracked 
|  67|0x0000000084300000, 0x0000000084400000, 0x0000000084400000|100%| S|CS|TAMS 0x0000000084300000, 0x0000000084300000| Complete 
|  68|0x0000000084400000, 0x0000000084500000, 0x0000000084500000|100%| S|CS|TAMS 0x0000000084400000, 0x0000000084400000| Complete 
|  69|0x0000000084500000, 0x0000000084500000, 0x0000000084600000|  0%| F|  |TAMS 0x0000000084500000, 0x0000000084500000| Untracked 
|  70|0x0000000084600000, 0x0000000084600000, 0x0000000084700000|  0%| F|  |TAMS 0x0000000084600000, 0x0000000084600000| Untracked 
|  71|0x0000000084700000, 0x0000000084700000, 0x0000000084800000|  0%| F|  |TAMS 0x0000000084700000, 0x0000000084700000| Untracked 
|  72|0x0000000084800000, 0x0000000084800000, 0x0000000084900000|  0%| F|  |TAMS 0x0000000084800000, 0x0000000084800000| Untracked 
|  73|0x0000000084900000, 0x0000000084900000, 0x0000000084a00000|  0%| F|  |TAMS 0x0000000084900000, 0x0000000084900000| Untracked 
|  74|0x0000000084a00000, 0x0000000084a00000, 0x0000000084b00000|  0%| F|  |TAMS 0x0000000084a00000, 0x0000000084a00000| Untracked 
|  75|0x0000000084b00000, 0x0000000084b00000, 0x0000000084c00000|  0%| F|  |TAMS 0x0000000084b00000, 0x0000000084b00000| Untracked 
|  76|0x0000000084c00000, 0x0000000084c00000, 0x0000000084d00000|  0%| F|  |TAMS 0x0000000084c00000, 0x0000000084c00000| Untracked 
|  77|0x0000000084d00000, 0x0000000084d00000, 0x0000000084e00000|  0%| F|  |TAMS 0x0000000084d00000, 0x0000000084d00000| Untracked 
|  78|0x0000000084e00000, 0x0000000084e00000, 0x0000000084f00000|  0%| F|  |TAMS 0x0000000084e00000, 0x0000000084e00000| Untracked 
|  79|0x0000000084f00000, 0x0000000084f00000, 0x0000000085000000|  0%| F|  |TAMS 0x0000000084f00000, 0x0000000084f00000| Untracked 
|  80|0x0000000085000000, 0x0000000085000000, 0x0000000085100000|  0%| F|  |TAMS 0x0000000085000000, 0x0000000085000000| Untracked 
|  81|0x0000000085100000, 0x0000000085100000, 0x0000000085200000|  0%| F|  |TAMS 0x0000000085100000, 0x0000000085100000| Untracked 
|  82|0x0000000085200000, 0x0000000085200000, 0x0000000085300000|  0%| F|  |TAMS 0x0000000085200000, 0x0000000085200000| Untracked 
|  83|0x0000000085300000, 0x0000000085300000, 0x0000000085400000|  0%| F|  |TAMS 0x0000000085300000, 0x0000000085300000| Untracked 
|  84|0x0000000085400000, 0x0000000085400000, 0x0000000085500000|  0%| F|  |TAMS 0x0000000085400000, 0x0000000085400000| Untracked 
|  85|0x0000000085500000, 0x0000000085500000, 0x0000000085600000|  0%| F|  |TAMS 0x0000000085500000, 0x0000000085500000| Untracked 
|  86|0x0000000085600000, 0x0000000085600000, 0x0000000085700000|  0%| F|  |TAMS 0x0000000085600000, 0x0000000085600000| Untracked 
|  87|0x0000000085700000, 0x0000000085700000, 0x0000000085800000|  0%| F|  |TAMS 0x0000000085700000, 0x0000000085700000| Untracked 
|  88|0x0000000085800000, 0x0000000085800000, 0x0000000085900000|  0%| F|  |TAMS 0x0000000085800000, 0x0000000085800000| Untracked 
|  89|0x0000000085900000, 0x0000000085900000, 0x0000000085a00000|  0%| F|  |TAMS 0x0000000085900000, 0x0000000085900000| Untracked 
|  90|0x0000000085a00000, 0x0000000085a00000, 0x0000000085b00000|  0%| F|  |TAMS 0x0000000085a00000, 0x0000000085a00000| Untracked 
|  91|0x0000000085b00000, 0x0000000085b00000, 0x0000000085c00000|  0%| F|  |TAMS 0x0000000085b00000, 0x0000000085b00000| Untracked 
|  92|0x0000000085c00000, 0x0000000085c00000, 0x0000000085d00000|  0%| F|  |TAMS 0x0000000085c00000, 0x0000000085c00000| Untracked 
|  93|0x0000000085d00000, 0x0000000085d00000, 0x0000000085e00000|  0%| F|  |TAMS 0x0000000085d00000, 0x0000000085d00000| Untracked 
|  94|0x0000000085e00000, 0x0000000085e00000, 0x0000000085f00000|  0%| F|  |TAMS 0x0000000085e00000, 0x0000000085e00000| Untracked 
|  95|0x0000000085f00000, 0x0000000085f00000, 0x0000000086000000|  0%| F|  |TAMS 0x0000000085f00000, 0x0000000085f00000| Untracked 
|  96|0x0000000086000000, 0x0000000086000000, 0x0000000086100000|  0%| F|  |TAMS 0x0000000086000000, 0x0000000086000000| Untracked 
|  97|0x0000000086100000, 0x0000000086100000, 0x0000000086200000|  0%| F|  |TAMS 0x0000000086100000, 0x0000000086100000| Untracked 
|  98|0x0000000086200000, 0x0000000086200000, 0x0000000086300000|  0%| F|  |TAMS 0x0000000086200000, 0x0000000086200000| Untracked 
|  99|0x0000000086300000, 0x0000000086300000, 0x0000000086400000|  0%| F|  |TAMS 0x0000000086300000, 0x0000000086300000| Untracked 
| 100|0x0000000086400000, 0x0000000086400000, 0x0000000086500000|  0%| F|  |TAMS 0x0000000086400000, 0x0000000086400000| Untracked 
| 101|0x0000000086500000, 0x0000000086500000, 0x0000000086600000|  0%| F|  |TAMS 0x0000000086500000, 0x0000000086500000| Untracked 
| 102|0x0000000086600000, 0x0000000086600000, 0x0000000086700000|  0%| F|  |TAMS 0x0000000086600000, 0x0000000086600000| Untracked 
| 103|0x0000000086700000, 0x0000000086700000, 0x0000000086800000|  0%| F|  |TAMS 0x0000000086700000, 0x0000000086700000| Untracked 
| 104|0x0000000086800000, 0x0000000086800000, 0x0000000086900000|  0%| F|  |TAMS 0x0000000086800000, 0x0000000086800000| Untracked 
| 105|0x0000000086900000, 0x0000000086900000, 0x0000000086a00000|  0%| F|  |TAMS 0x0000000086900000, 0x0000000086900000| Untracked 
| 106|0x0000000086a00000, 0x0000000086a00000, 0x0000000086b00000|  0%| F|  |TAMS 0x0000000086a00000, 0x0000000086a00000| Untracked 
| 107|0x0000000086b00000, 0x0000000086b00000, 0x0000000086c00000|  0%| F|  |TAMS 0x0000000086b00000, 0x0000000086b00000| Untracked 
| 108|0x0000000086c00000, 0x0000000086c00000, 0x0000000086d00000|  0%| F|  |TAMS 0x0000000086c00000, 0x0000000086c00000| Untracked 
| 109|0x0000000086d00000, 0x0000000086d00000, 0x0000000086e00000|  0%| F|  |TAMS 0x0000000086d00000, 0x0000000086d00000| Untracked 
| 110|0x0000000086e00000, 0x0000000086e00000, 0x0000000086f00000|  0%| F|  |TAMS 0x0000000086e00000, 0x0000000086e00000| Untracked 
| 111|0x0000000086f00000, 0x0000000086f00000, 0x0000000087000000|  0%| F|  |TAMS 0x0000000086f00000, 0x0000000086f00000| Untracked 
| 112|0x0000000087000000, 0x0000000087000000, 0x0000000087100000|  0%| F|  |TAMS 0x0000000087000000, 0x0000000087000000| Untracked 
| 113|0x0000000087100000, 0x0000000087100000, 0x0000000087200000|  0%| F|  |TAMS 0x0000000087100000, 0x0000000087100000| Untracked 
| 114|0x0000000087200000, 0x0000000087200000, 0x0000000087300000|  0%| F|  |TAMS 0x0000000087200000, 0x0000000087200000| Untracked 
| 115|0x0000000087300000, 0x0000000087300000, 0x0000000087400000|  0%| F|  |TAMS 0x0000000087300000, 0x0000000087300000| Untracked 
| 116|0x0000000087400000, 0x0000000087400000, 0x0000000087500000|  0%| F|  |TAMS 0x0000000087400000, 0x0000000087400000| Untracked 
| 117|0x0000000087500000, 0x0000000087500000, 0x0000000087600000|  0%| F|  |TAMS 0x0000000087500000, 0x0000000087500000| Untracked 
| 118|0x0000000087600000, 0x00000000876a6d00, 0x0000000087700000| 65%| E|  |TAMS 0x0000000087600000, 0x0000000087600000| Complete 
| 119|0x0000000087700000, 0x0000000087800000, 0x0000000087800000|100%| E|CS|TAMS 0x0000000087700000, 0x0000000087700000| Complete 

Card table byte_map: [0x000001fa758e0000,0x000001fa75ce0000] _byte_map_base: 0x000001fa754e0000

Marking Bits (Prev, Next): (CMBitMap*) 0x000001fa70d8f258, (CMBitMap*) 0x000001fa70d8f290
 Prev Bits: [0x000001fa760e0000, 0x000001fa780e0000)
 Next Bits: [0x000001fa780e0000, 0x000001fa7a0e0000)

Polling page: 0x000001fa6f280000

Metaspace:

Usage:
  Non-class:     42.16 MB capacity,    41.35 MB ( 98%) used,   697.70 KB (  2%) free+waste,   132.56 KB ( <1%) overhead. 
      Class:      6.52 MB capacity,     6.08 MB ( 93%) used,   390.71 KB (  6%) free+waste,    63.25 KB ( <1%) overhead. 
       Both:     48.68 MB capacity,    47.43 MB ( 97%) used,     1.06 MB (  2%) free+waste,   195.81 KB ( <1%) overhead. 

Virtual space:
  Non-class space:       44.00 MB reserved,      42.25 MB ( 96%) committed 
      Class space:        1.00 GB reserved,       6.63 MB ( <1%) committed 
             Both:        1.04 GB reserved,      48.88 MB (  5%) committed 

Chunk freelists:
   Non-Class:  24.00 KB
       Class:  1.00 KB
        Both:  25.00 KB

MaxMetaspaceSize: 17179869184.00 GB
CompressedClassSpaceSize: 1.00 GB
Initial GC threshold: 20.80 MB
Current GC threshold: 58.54 MB
CDS: off

CodeHeap 'non-profiled nmethods': size=120000Kb used=2434Kb max_used=2434Kb free=117566Kb
 bounds [0x000001fa07ad0000, 0x000001fa07d40000, 0x000001fa0f000000]
CodeHeap 'profiled nmethods': size=120000Kb used=10633Kb max_used=10633Kb free=109366Kb
 bounds [0x000001fa005a0000, 0x000001fa01010000, 0x000001fa07ad0000]
CodeHeap 'non-nmethods': size=5760Kb used=2297Kb max_used=2340Kb free=3462Kb
 bounds [0x000001fa00000000, 0x000001fa00270000, 0x000001fa005a0000]
 total_blobs=6035 nmethods=5247 adapters=700
 compilation: enabled
              stopped_count=0, restarted_count=0
 full_count=0

Compilation events (20 events):
Event: 7.567 Thread 0x000001fa7cd5f000 5260       3       jdk.internal.loader.URLClassPath$JarLoader::<init> (67 bytes)
Event: 7.568 Thread 0x000001fa7cd5f000 nmethod 5260 0x000001fa00ffcb90 code [0x000001fa00ffce60, 0x000001fa00ffdc38]
Event: 7.568 Thread 0x000001fa7cd5f000 5262   !   3       jdk.internal.loader.URLClassPath$JarLoader$1::run (175 bytes)
Event: 7.569 Thread 0x000001fa7cd5f000 nmethod 5262 0x000001fa00ffe110 code [0x000001fa00ffe400, 0x000001fa00fff4d8]
Event: 7.569 Thread 0x000001fa7cd5f000 5261       3       jdk.internal.loader.URLClassPath$JarLoader$1::run (5 bytes)
Event: 7.569 Thread 0x000001fa7cd5f000 nmethod 5261 0x000001fa00fffc10 code [0x000001fa00fffdc0, 0x000001fa00ffff08]
Event: 7.569 Thread 0x000001fa7cd5f000 5263       3       jdk.internal.loader.URLClassPath$JarLoader::getJarFile (102 bytes)
Event: 7.569 Thread 0x000001fa7cd5f000 nmethod 5263 0x000001fa00ffff90 code [0x000001fa010002a0, 0x000001fa010010c8]
Event: 7.569 Thread 0x000001fa7cd5f000 5264       3       jdk.internal.loader.URLClassPath$JarLoader::isOptimizable (10 bytes)
Event: 7.569 Thread 0x000001fa7cd5f000 nmethod 5264 0x000001fa01001610 code [0x000001fa010017c0, 0x000001fa01001908]
Event: 7.569 Thread 0x000001fa7cd5f000 5265       3       jdk.internal.loader.FileURLMapper::<init> (10 bytes)
Event: 7.569 Thread 0x000001fa7cd5f000 nmethod 5265 0x000001fa01001a10 code [0x000001fa01001bc0, 0x000001fa01001d78]
Event: 7.577 Thread 0x000001fa7cd5d800 nmethod 5227 0x000001fa07d28c90 code [0x000001fa07d29120, 0x000001fa07d2e018]
Event: 7.577 Thread 0x000001fa7cd5d800 5245       4       java.util.Arrays::fill (21 bytes)
Event: 7.579 Thread 0x000001fa7cd5d800 nmethod 5245 0x000001fa07d30410 code [0x000001fa07d305a0, 0x000001fa07d306f8]
Event: 7.579 Thread 0x000001fa7cd5d800 5232       4       groovy.lang.MetaClassImpl$1MOPIter::methodNameAction (325 bytes)
Event: 7.609 Thread 0x000001fa7cd5f000 5266       3       java.util.jar.JavaUtilJarAccessImpl::jarFileHasClassPathAttribute (5 bytes)
Event: 7.609 Thread 0x000001fa7cd5f000 nmethod 5266 0x000001fa01001e10 code [0x000001fa01001fe0, 0x000001fa01002208]
Event: 7.609 Thread 0x000001fa7cd5f000 5267       3       java.util.jar.JarFile::hasClassPathAttribute (9 bytes)
Event: 7.609 Thread 0x000001fa7cd5f000 nmethod 5267 0x000001fa01002310 code [0x000001fa010024c0, 0x000001fa01002608]

GC Heap History (20 events):
Event: 1.135 GC heap before
{Heap before GC invocations=0 (full 0):
 garbage-first heap   total 122880K, used 30720K [0x0000000080000000, 0x0000000100000000)
  region size 1024K, 24 young (24576K), 0 survivors (0K)
 Metaspace       used 9855K, capacity 10054K, committed 10112K, reserved 1058816K
  class space    used 1027K, capacity 1102K, committed 1152K, reserved 1048576K
}
Event: 1.144 GC heap after
{Heap after GC invocations=1 (full 0):
 garbage-first heap   total 122880K, used 9232K [0x0000000080000000, 0x0000000100000000)
  region size 1024K, 3 young (3072K), 3 survivors (3072K)
 Metaspace       used 9855K, capacity 10054K, committed 10112K, reserved 1058816K
  class space    used 1027K, capacity 1102K, committed 1152K, reserved 1048576K
}
Event: 3.250 GC heap before
{Heap before GC invocations=1 (full 0):
 garbage-first heap   total 122880K, used 80912K [0x0000000080000000, 0x0000000100000000)
  region size 1024K, 72 young (73728K), 3 survivors (3072K)
 Metaspace       used 17365K, capacity 17715K, committed 17792K, reserved 1064960K
  class space    used 2033K, capacity 2145K, committed 2176K, reserved 1048576K
}
Event: 3.255 GC heap after
{Heap after GC invocations=2 (full 0):
 garbage-first heap   total 122880K, used 15982K [0x0000000080000000, 0x0000000100000000)
  region size 1024K, 9 young (9216K), 9 survivors (9216K)
 Metaspace       used 17365K, capacity 17715K, committed 17792K, reserved 1064960K
  class space    used 2033K, capacity 2145K, committed 2176K, reserved 1048576K
}
Event: 3.576 GC heap before
{Heap before GC invocations=2 (full 0):
 garbage-first heap   total 122880K, used 47726K [0x0000000080000000, 0x0000000100000000)
  region size 1024K, 41 young (41984K), 9 survivors (9216K)
 Metaspace       used 20736K, capacity 21138K, committed 21248K, reserved 1067008K
  class space    used 2550K, capacity 2711K, committed 2816K, reserved 1048576K
}
Event: 3.583 GC heap after
{Heap after GC invocations=3 (full 0):
 garbage-first heap   total 122880K, used 17048K [0x0000000080000000, 0x0000000100000000)
  region size 1024K, 2 young (2048K), 2 survivors (2048K)
 Metaspace       used 20736K, capacity 21138K, committed 21248K, reserved 1067008K
  class space    used 2550K, capacity 2711K, committed 2816K, reserved 1048576K
}
Event: 4.123 GC heap before
{Heap before GC invocations=4 (full 0):
 garbage-first heap   total 122880K, used 67224K [0x0000000080000000, 0x0000000100000000)
  region size 1024K, 51 young (52224K), 2 survivors (2048K)
 Metaspace       used 26027K, capacity 26521K, committed 26624K, reserved 1073152K
  class space    used 3367K, capacity 3553K, committed 3584K, reserved 1048576K
}
Event: 4.126 GC heap after
{Heap after GC invocations=5 (full 0):
 garbage-first heap   total 122880K, used 18855K [0x0000000080000000, 0x0000000100000000)
  region size 1024K, 3 young (3072K), 3 survivors (3072K)
 Metaspace       used 26027K, capacity 26521K, committed 26624K, reserved 1073152K
  class space    used 3367K, capacity 3553K, committed 3584K, reserved 1048576K
}
Event: 4.873 GC heap before
{Heap before GC invocations=5 (full 0):
 garbage-first heap   total 122880K, used 74151K [0x0000000080000000, 0x0000000100000000)
  region size 1024K, 57 young (58368K), 3 survivors (3072K)
 Metaspace       used 31791K, capacity 32522K, committed 32768K, reserved 1077248K
  class space    used 4257K, capacity 4519K, committed 4608K, reserved 1048576K
}
Event: 4.877 GC heap after
{Heap after GC invocations=6 (full 0):
 garbage-first heap   total 122880K, used 20846K [0x0000000080000000, 0x0000000100000000)
  region size 1024K, 5 young (5120K), 5 survivors (5120K)
 Metaspace       used 31791K, capacity 32522K, committed 32768K, reserved 1077248K
  class space    used 4257K, capacity 4519K, committed 4608K, reserved 1048576K
}
Event: 5.071 GC heap before
{Heap before GC invocations=6 (full 0):
 garbage-first heap   total 122880K, used 26990K [0x0000000080000000, 0x0000000100000000)
  region size 1024K, 12 young (12288K), 5 survivors (5120K)
 Metaspace       used 34911K, capacity 35722K, committed 35840K, reserved 1081344K
  class space    used 4531K, capacity 4839K, committed 4864K, reserved 1048576K
}
Event: 5.079 GC heap after
{Heap after GC invocations=7 (full 0):
 garbage-first heap   total 122880K, used 22387K [0x0000000080000000, 0x0000000100000000)
  region size 1024K, 6 young (6144K), 6 survivors (6144K)
 Metaspace       used 34911K, capacity 35722K, committed 35840K, reserved 1081344K
  class space    used 4531K, capacity 4839K, committed 4864K, reserved 1048576K
}
Event: 5.499 GC heap before
{Heap before GC invocations=8 (full 0):
 garbage-first heap   total 122880K, used 71539K [0x0000000080000000, 0x0000000100000000)
  region size 1024K, 52 young (53248K), 6 survivors (6144K)
 Metaspace       used 39261K, capacity 40213K, committed 40448K, reserved 1085440K
  class space    used 5012K, capacity 5353K, committed 5376K, reserved 1048576K
}
Event: 5.506 GC heap after
{Heap after GC invocations=9 (full 0):
 garbage-first heap   total 122880K, used 26420K [0x0000000080000000, 0x0000000100000000)
  region size 1024K, 7 young (7168K), 7 survivors (7168K)
 Metaspace       used 39261K, capacity 40213K, committed 40448K, reserved 1085440K
  class space    used 5012K, capacity 5353K, committed 5376K, reserved 1048576K
}
Event: 5.984 GC heap before
{Heap before GC invocations=9 (full 0):
 garbage-first heap   total 122880K, used 75572K [0x0000000080000000, 0x0000000100000000)
  region size 1024K, 55 young (56320K), 7 survivors (7168K)
 Metaspace       used 43518K, capacity 44535K, committed 44672K, reserved 1087488K
  class space    used 5539K, capacity 5931K, committed 6016K, reserved 1048576K
}
Event: 5.989 GC heap after
{Heap after GC invocations=10 (full 0):
 garbage-first heap   total 122880K, used 28889K [0x0000000080000000, 0x0000000100000000)
  region size 1024K, 7 young (7168K), 7 survivors (7168K)
 Metaspace       used 43518K, capacity 44535K, committed 44672K, reserved 1087488K
  class space    used 5539K, capacity 5931K, committed 6016K, reserved 1048576K
}
Event: 6.412 GC heap before
{Heap before GC invocations=10 (full 0):
 garbage-first heap   total 122880K, used 79065K [0x0000000080000000, 0x0000000100000000)
  region size 1024K, 56 young (57344K), 7 survivors (7168K)
 Metaspace       used 47015K, capacity 48148K, committed 48256K, reserved 1091584K
  class space    used 6071K, capacity 6477K, committed 6528K, reserved 1048576K
}
Event: 6.417 GC heap after
{Heap after GC invocations=11 (full 0):
 garbage-first heap   total 122880K, used 31272K [0x0000000080000000, 0x0000000100000000)
  region size 1024K, 5 young (5120K), 5 survivors (5120K)
 Metaspace       used 47015K, capacity 48148K, committed 48256K, reserved 1091584K
  class space    used 6071K, capacity 6477K, committed 6528K, reserved 1048576K
}
Event: 7.596 GC heap before
{Heap before GC invocations=11 (full 0):
 garbage-first heap   total 122880K, used 84520K [0x0000000080000000, 0x0000000100000000)
  region size 1024K, 56 young (57344K), 5 survivors (5120K)
 Metaspace       used 48566K, capacity 49851K, committed 50048K, reserved 1093632K
  class space    used 6221K, capacity 6675K, committed 6784K, reserved 1048576K
}
Event: 7.601 GC heap after
{Heap after GC invocations=12 (full 0):
 garbage-first heap   total 122880K, used 39650K [0x0000000080000000, 0x0000000100000000)
  region size 1024K, 7 young (7168K), 7 survivors (7168K)
 Metaspace       used 48566K, capacity 49851K, committed 50048K, reserved 1093632K
  class space    used 6221K, capacity 6675K, committed 6784K, reserved 1048576K
}

Deoptimization events (20 events):
Event: 7.442 Thread 0x000001fa7f1cd800 DEOPT PACKING pc=0x000001fa07cea284 sp=0x0000008f664fa200
Event: 7.442 Thread 0x000001fa7f1cd800 DEOPT UNPACKING pc=0x000001fa0004a1af sp=0x0000008f664fa130 mode 2
Event: 7.444 Thread 0x000001fa7f1cd800 DEOPT PACKING pc=0x000001fa00639b34 sp=0x0000008f664f9b30
Event: 7.444 Thread 0x000001fa7f1cd800 DEOPT UNPACKING pc=0x000001fa0004a95e sp=0x0000008f664f9080 mode 0
Event: 7.444 Thread 0x000001fa7f1cd800 DEOPT PACKING pc=0x000001fa00d93df1 sp=0x0000008f664f9af0
Event: 7.444 Thread 0x000001fa7f1cd800 DEOPT UNPACKING pc=0x000001fa0004a95e sp=0x0000008f664f8fe8 mode 0
Event: 7.447 Thread 0x000001fa7f1cd800 DEOPT PACKING pc=0x000001fa00d93df1 sp=0x0000008f664f9af0
Event: 7.447 Thread 0x000001fa7f1cd800 DEOPT UNPACKING pc=0x000001fa0004a95e sp=0x0000008f664f8fe8 mode 0
Event: 7.488 Thread 0x000001fa7f1cd800 DEOPT PACKING pc=0x000001fa00fea004 sp=0x0000008f664f1d80
Event: 7.488 Thread 0x000001fa7f1cd800 DEOPT UNPACKING pc=0x000001fa0004a95e sp=0x0000008f664f1370 mode 0
Event: 7.507 Thread 0x000001fa7f1cd800 DEOPT PACKING pc=0x000001fa0080dd5a sp=0x0000008f664f1cb0
Event: 7.508 Thread 0x000001fa7f1cd800 DEOPT UNPACKING pc=0x000001fa0004a95e sp=0x0000008f664f1138 mode 0
Event: 7.508 Thread 0x000001fa7f1cd800 DEOPT PACKING pc=0x000001fa00fea004 sp=0x0000008f664f1cf0
Event: 7.508 Thread 0x000001fa7f1cd800 DEOPT UNPACKING pc=0x000001fa0004a95e sp=0x0000008f664f12c8 mode 0
Event: 7.562 Thread 0x000001fa7f1cd800 DEOPT PACKING pc=0x000001fa00fea004 sp=0x0000008f664f1cf0
Event: 7.562 Thread 0x000001fa7f1cd800 DEOPT UNPACKING pc=0x000001fa0004a95e sp=0x0000008f664f12c8 mode 0
Event: 7.581 Thread 0x000001fa7f1cd800 DEOPT PACKING pc=0x000001fa00fea004 sp=0x0000008f664f1bc0
Event: 7.581 Thread 0x000001fa7f1cd800 DEOPT UNPACKING pc=0x000001fa0004a95e sp=0x0000008f664f1198 mode 0
Event: 7.609 Thread 0x000001fa7f1cd800 DEOPT PACKING pc=0x000001fa00fea004 sp=0x0000008f664f1bc0
Event: 7.609 Thread 0x000001fa7f1cd800 DEOPT UNPACKING pc=0x000001fa0004a95e sp=0x0000008f664f1198 mode 0

Classes redefined (0 events):
No events

Internal exceptions (20 events):
Event: 7.511 Thread 0x000001fa7f1cd800 Exception <a 'java/security/PrivilegedActionException'{0x00000000849f1730}> (0x00000000849f1730) thrown at [./src/hotspot/share/prims/jvm.cpp, line 1306]
Event: 7.511 Thread 0x000001fa7f1cd800 Exception <a 'java/security/PrivilegedActionException'{0x00000000849f29f0}> (0x00000000849f29f0) thrown at [./src/hotspot/share/prims/jvm.cpp, line 1306]
Event: 7.511 Thread 0x000001fa7f1cd800 Exception <a 'java/security/PrivilegedActionException'{0x00000000849f5670}> (0x00000000849f5670) thrown at [./src/hotspot/share/prims/jvm.cpp, line 1306]
Event: 7.511 Thread 0x000001fa7f1cd800 Exception <a 'java/security/PrivilegedActionException'{0x00000000849f6930}> (0x00000000849f6930) thrown at [./src/hotspot/share/prims/jvm.cpp, line 1306]
Event: 7.511 Thread 0x000001fa7f1cd800 Exception <a 'java/security/PrivilegedActionException'{0x00000000849f95c8}> (0x00000000849f95c8) thrown at [./src/hotspot/share/prims/jvm.cpp, line 1306]
Event: 7.511 Thread 0x000001fa7f1cd800 Exception <a 'java/security/PrivilegedActionException'{0x00000000849fa888}> (0x00000000849fa888) thrown at [./src/hotspot/share/prims/jvm.cpp, line 1306]
Event: 7.511 Thread 0x000001fa7f1cd800 Exception <a 'java/security/PrivilegedActionException'{0x00000000849fd4b0}> (0x00000000849fd4b0) thrown at [./src/hotspot/share/prims/jvm.cpp, line 1306]
Event: 7.511 Thread 0x000001fa7f1cd800 Exception <a 'java/security/PrivilegedActionException'{0x00000000849fe770}> (0x00000000849fe770) thrown at [./src/hotspot/share/prims/jvm.cpp, line 1306]
Event: 7.565 Thread 0x000001fa7f1cd800 Exception <a 'java/security/PrivilegedActionException'{0x0000000084774d78}> (0x0000000084774d78) thrown at [./src/hotspot/share/prims/jvm.cpp, line 1306]
Event: 7.565 Thread 0x000001fa7f1cd800 Exception <a 'java/security/PrivilegedActionException'{0x0000000084776038}> (0x0000000084776038) thrown at [./src/hotspot/share/prims/jvm.cpp, line 1306]
Event: 7.565 Thread 0x000001fa7f1cd800 Exception <a 'java/security/PrivilegedActionException'{0x0000000084778c60}> (0x0000000084778c60) thrown at [./src/hotspot/share/prims/jvm.cpp, line 1306]
Event: 7.565 Thread 0x000001fa7f1cd800 Exception <a 'java/security/PrivilegedActionException'{0x0000000084779f20}> (0x0000000084779f20) thrown at [./src/hotspot/share/prims/jvm.cpp, line 1306]
Event: 7.565 Thread 0x000001fa7f1cd800 Exception <a 'java/security/PrivilegedActionException'{0x000000008477cc00}> (0x000000008477cc00) thrown at [./src/hotspot/share/prims/jvm.cpp, line 1306]
Event: 7.565 Thread 0x000001fa7f1cd800 Exception <a 'java/security/PrivilegedActionException'{0x000000008477dec0}> (0x000000008477dec0) thrown at [./src/hotspot/share/prims/jvm.cpp, line 1306]
Event: 7.565 Thread 0x000001fa7f1cd800 Exception <a 'java/security/PrivilegedActionException'{0x0000000084780d50}> (0x0000000084780d50) thrown at [./src/hotspot/share/prims/jvm.cpp, line 1306]
Event: 7.565 Thread 0x000001fa7f1cd800 Exception <a 'java/security/PrivilegedActionException'{0x0000000084782010}> (0x0000000084782010) thrown at [./src/hotspot/share/prims/jvm.cpp, line 1306]
Event: 7.565 Thread 0x000001fa7f1cd800 Exception <a 'java/security/PrivilegedActionException'{0x0000000084784c90}> (0x0000000084784c90) thrown at [./src/hotspot/share/prims/jvm.cpp, line 1306]
Event: 7.566 Thread 0x000001fa7f1cd800 Exception <a 'java/security/PrivilegedActionException'{0x0000000084785f50}> (0x0000000084785f50) thrown at [./src/hotspot/share/prims/jvm.cpp, line 1306]
Event: 7.566 Thread 0x000001fa7f1cd800 Exception <a 'java/security/PrivilegedActionException'{0x0000000084788c30}> (0x0000000084788c30) thrown at [./src/hotspot/share/prims/jvm.cpp, line 1306]
Event: 7.566 Thread 0x000001fa7f1cd800 Exception <a 'java/security/PrivilegedActionException'{0x0000000084789ef0}> (0x0000000084789ef0) thrown at [./src/hotspot/share/prims/jvm.cpp, line 1306]

Events (20 events):
Event: 7.464 loading class build_90s1ll93efst8s9t6xrvsh8vhCustomizer done
Event: 7.464 loading class build_90s1ll93efst8s9t6xrvsh8vhCustomizer
Event: 7.464 loading class build_90s1ll93efst8s9t6xrvsh8vhCustomizer done
Event: 7.466 loading class org/gradle/api/tasks/Delete
Event: 7.466 loading class org/gradle/api/tasks/Delete done
Event: 7.466 loading class org/gradle/api/tasks/Delete
Event: 7.466 loading class org/gradle/api/tasks/Delete done
Event: 7.467 loading class groovy/runtime/metaclass/build_90s1ll93efst8s9t6xrvsh8vh$_run_closure1MetaClass
Event: 7.467 loading class groovy/runtime/metaclass/build_90s1ll93efst8s9t6xrvsh8vh$_run_closure1MetaClass done
Event: 7.467 loading class groovy/runtime/metaclass/org/gradle/api/internal/project/DefaultProject_DecoratedMetaClass
Event: 7.467 loading class groovy/runtime/metaclass/org/gradle/api/internal/project/DefaultProject_DecoratedMetaClass done
Event: 7.471 loading class org/gradle/api/internal/project/DefaultProject_DecoratedBeanInfo
Event: 7.471 loading class org/gradle/api/internal/project/DefaultProject_DecoratedBeanInfo done
Event: 7.471 loading class org/gradle/api/internal/project/DefaultProject_DecoratedBeanInfo
Event: 7.471 loading class org/gradle/api/internal/project/DefaultProject_DecoratedBeanInfo done
Event: 7.471 loading class org/gradle/api/internal/project/DefaultProject_DecoratedBeanInfo
Event: 7.471 loading class org/gradle/api/internal/project/DefaultProject_DecoratedBeanInfo done
Event: 7.522 Loaded shared library C:\Program Files\Android\Android Studio\jre\bin\nio.dll
Event: 7.596 Executing VM operation: G1CollectForAllocation
Event: 7.602 Executing VM operation: G1CollectForAllocation done


Dynamic libraries:
0x00007ff6ef720000 - 0x00007ff6ef72a000 	C:\Program Files\Android\Android Studio\jre\bin\java.exe
0x00007fff2fe90000 - 0x00007fff30088000 	C:\WINDOWS\SYSTEM32\ntdll.dll
0x00007fff2e300000 - 0x00007fff2e3bf000 	C:\WINDOWS\System32\KERNEL32.DLL
0x00007fff2d590000 - 0x00007fff2d862000 	C:\WINDOWS\System32\KERNELBASE.dll
0x00007fff2dde0000 - 0x00007fff2dee0000 	C:\WINDOWS\System32\ucrtbase.dll
0x00007fff27b20000 - 0x00007fff27b37000 	C:\Program Files\Android\Android Studio\jre\bin\VCRUNTIME140.dll
0x00007fff08430000 - 0x00007fff08449000 	C:\Program Files\Android\Android Studio\jre\bin\jli.dll
0x00007fff2ef50000 - 0x00007fff2f0ed000 	C:\WINDOWS\System32\USER32.dll
0x00007ffeff3e0000 - 0x00007ffeff67a000 	C:\WINDOWS\WinSxS\amd64_microsoft.windows.common-controls_6595b64144ccf1df_6.0.19041.1110_none_60b5254171f9507e\COMCTL32.dll
0x00007fff2dc20000 - 0x00007fff2dc42000 	C:\WINDOWS\System32\win32u.dll
0x00007fff2f5a0000 - 0x00007fff2f63e000 	C:\WINDOWS\System32\msvcrt.dll
0x00007fff2faf0000 - 0x00007fff2fb1b000 	C:\WINDOWS\System32\GDI32.dll
0x00007fff2d910000 - 0x00007fff2da1f000 	C:\WINDOWS\System32\gdi32full.dll
0x00007fff2d870000 - 0x00007fff2d90d000 	C:\WINDOWS\System32\msvcp_win.dll
0x00007fff2f0f0000 - 0x00007fff2f122000 	C:\WINDOWS\System32\IMM32.DLL
0x00007ffef6d10000 - 0x00007ffef6dad000 	C:\Program Files\Android\Android Studio\jre\bin\msvcp140.dll
0x00007ffe921c0000 - 0x00007ffe92ca5000 	C:\Program Files\Android\Android Studio\jre\bin\server\jvm.dll
0x00007fff2fc50000 - 0x00007fff2fcfe000 	C:\WINDOWS\System32\ADVAPI32.dll
0x00007fff2e3c0000 - 0x00007fff2e45c000 	C:\WINDOWS\System32\sechost.dll
0x00007fff2f790000 - 0x00007fff2f8b5000 	C:\WINDOWS\System32\RPCRT4.dll
0x00007fff2f980000 - 0x00007fff2f988000 	C:\WINDOWS\System32\PSAPI.DLL
0x00007fff234f0000 - 0x00007fff23517000 	C:\WINDOWS\SYSTEM32\WINMM.dll
0x00007fff26980000 - 0x00007fff2698a000 	C:\WINDOWS\SYSTEM32\VERSION.dll
0x00007ffef02b0000 - 0x00007ffef02b9000 	C:\WINDOWS\SYSTEM32\WSOCK32.dll
0x00007fff2fd60000 - 0x00007fff2fdcb000 	C:\WINDOWS\System32\WS2_32.dll
0x00007fff2b410000 - 0x00007fff2b422000 	C:\WINDOWS\SYSTEM32\kernel.appcore.dll
0x00007fff1f980000 - 0x00007fff1f991000 	C:\Program Files\Android\Android Studio\jre\bin\verify.dll
0x00007fff1ca50000 - 0x00007fff1cc34000 	C:\WINDOWS\SYSTEM32\DBGHELP.DLL
0x00007fff154e0000 - 0x00007fff1550c000 	C:\WINDOWS\SYSTEM32\dbgcore.DLL
0x00007fff2da20000 - 0x00007fff2daa2000 	C:\WINDOWS\System32\bcryptPrimitives.dll
0x00007fff1d2a0000 - 0x00007fff1d2c9000 	C:\Program Files\Android\Android Studio\jre\bin\java.dll
0x00007fff1f970000 - 0x00007fff1f97b000 	C:\Program Files\Android\Android Studio\jre\bin\jimage.dll
0x00007fff1f8f0000 - 0x00007fff1f908000 	C:\Program Files\Android\Android Studio\jre\bin\zip.dll
0x00007fff2e800000 - 0x00007fff2ef43000 	C:\WINDOWS\System32\SHELL32.dll
0x00007fff2b610000 - 0x00007fff2bda2000 	C:\WINDOWS\SYSTEM32\windows.storage.dll
0x00007fff2dee0000 - 0x00007fff2e234000 	C:\WINDOWS\System32\combase.dll
0x00007fff2cf10000 - 0x00007fff2cf40000 	C:\WINDOWS\SYSTEM32\Wldp.dll
0x00007fff2f6d0000 - 0x00007fff2f77d000 	C:\WINDOWS\System32\SHCORE.dll
0x00007fff2e240000 - 0x00007fff2e295000 	C:\WINDOWS\System32\shlwapi.dll
0x00007fff2d4d0000 - 0x00007fff2d4ef000 	C:\WINDOWS\SYSTEM32\profapi.dll
0x00007fff1f5a0000 - 0x00007fff1f5ba000 	C:\Program Files\Android\Android Studio\jre\bin\net.dll
0x00007fff251b0000 - 0x00007fff252bc000 	C:\WINDOWS\SYSTEM32\WINHTTP.dll
0x00007fff2cc50000 - 0x00007fff2ccba000 	C:\WINDOWS\system32\mswsock.dll
0x00007fff16930000 - 0x00007fff16944000 	C:\Program Files\Android\Android Studio\jre\bin\nio.dll
0x00007fff1f7d0000 - 0x00007fff1f7f7000 	C:\Users\ADMIN\.gradle\native\e1d6ef7f7dcc3fd88c89a11ec53ec762bb8ba0a96d01ffa2cd45eb1d1d8dd5c5\windows-amd64\native-platform.dll
0x00007ffe946c0000 - 0x00007ffe94804000 	C:\Users\ADMIN\.gradle\native\5664cfc778a61ccfe75a443a1ab52a65af34e5dc3c78e0209fed803814484fcb\windows-amd64\native-platform-file-events.dll
0x00007fff1f620000 - 0x00007fff1f62a000 	C:\Program Files\Android\Android Studio\jre\bin\management.dll
0x00007fff1f470000 - 0x00007fff1f47d000 	C:\Program Files\Android\Android Studio\jre\bin\management_ext.dll
0x00007fff2ce70000 - 0x00007fff2ce88000 	C:\WINDOWS\SYSTEM32\CRYPTSP.dll
0x00007fff2c550000 - 0x00007fff2c584000 	C:\WINDOWS\system32\rsaenh.dll
0x00007fff2dc50000 - 0x00007fff2dc77000 	C:\WINDOWS\System32\bcrypt.dll
0x00007fff2d490000 - 0x00007fff2d4be000 	C:\WINDOWS\SYSTEM32\USERENV.dll
0x00007fff2ce60000 - 0x00007fff2ce6c000 	C:\WINDOWS\SYSTEM32\CRYPTBASE.dll
0x00007fff2c930000 - 0x00007fff2c96b000 	C:\WINDOWS\SYSTEM32\IPHLPAPI.DLL
0x00007fff2f780000 - 0x00007fff2f788000 	C:\WINDOWS\System32\NSI.dll
0x00007fff27650000 - 0x00007fff27667000 	C:\WINDOWS\SYSTEM32\dhcpcsvc6.DLL
0x00007fff27630000 - 0x00007fff2764d000 	C:\WINDOWS\SYSTEM32\dhcpcsvc.DLL
0x00007fff2c970000 - 0x00007fff2ca3a000 	C:\WINDOWS\SYSTEM32\DNSAPI.dll

dbghelp: loaded successfully - version: 4.0.5 - missing functions: none
symbol engine: initialized successfully - sym options: 0x614 - pdb path: .;C:\Program Files\Android\Android Studio\jre\bin;C:\WINDOWS\SYSTEM32;C:\WINDOWS\WinSxS\amd64_microsoft.windows.common-controls_6595b64144ccf1df_6.0.19041.1110_none_60b5254171f9507e;C:\Program Files\Android\Android Studio\jre\bin\server;C:\Users\ADMIN\.gradle\native\e1d6ef7f7dcc3fd88c89a11ec53ec762bb8ba0a96d01ffa2cd45eb1d1d8dd5c5\windows-amd64;C:\Users\ADMIN\.gradle\native\5664cfc778a61ccfe75a443a1ab52a65af34e5dc3c78e0209fed803814484fcb\windows-amd64

VM Arguments:
jvm_args: --add-opens=java.base/java.util=ALL-UNNAMED --add-opens=java.base/java.lang=ALL-UNNAMED --add-opens=java.base/java.lang.invoke=ALL-UNNAMED --add-opens=java.base/java.util=ALL-UNNAMED --add-opens=java.prefs/java.util.prefs=ALL-UNNAMED --add-opens=java.prefs/java.util.prefs=ALL-UNNAMED --add-opens=java.base/java.nio.charset=ALL-UNNAMED --add-opens=java.base/java.net=ALL-UNNAMED --add-opens=java.base/java.util.concurrent.atomic=ALL-UNNAMED -Xmx2048m -Dfile.encoding=UTF-8 -Duser.country=US -Duser.language=en -Duser.variant 
java_command: org.gradle.launcher.daemon.bootstrap.GradleDaemon 7.3.3
java_class_path (initial): C:\Users\ADMIN\.gradle\wrapper\dists\gradle-7.3.3-bin\6a41zxkdtcxs8rphpq6y0069z\gradle-7.3.3\lib\gradle-launcher-7.3.3.jar
Launcher Type: SUN_STANDARD

[Global flags]
     intx CICompilerCount                          = 4                                         {product} {ergonomic}
     uint ConcGCThreads                            = 3                                         {product} {ergonomic}
     uint G1ConcRefinementThreads                  = 10                                        {product} {ergonomic}
   size_t G1HeapRegionSize                         = 1048576                                   {product} {ergonomic}
    uintx GCDrainStackTargetSize                   = 64                                        {product} {ergonomic}
   size_t InitialHeapSize                          = 125829120                                 {product} {ergonomic}
   size_t MarkStackSize                            = 4194304                                   {product} {ergonomic}
   size_t MaxHeapSize                              = 2147483648                                {product} {command line}
   size_t MaxNewSize                               = 1287651328                                {product} {ergonomic}
   size_t MinHeapDeltaBytes                        = 1048576                                   {product} {ergonomic}
    uintx NonNMethodCodeHeapSize                   = 5836300                                {pd product} {ergonomic}
    uintx NonProfiledCodeHeapSize                  = 122910970                              {pd product} {ergonomic}
    uintx ProfiledCodeHeapSize                     = 122910970                              {pd product} {ergonomic}
    uintx ReservedCodeCacheSize                    = 251658240                              {pd product} {ergonomic}
     bool SegmentedCodeCache                       = true                                      {product} {ergonomic}
     bool UseCompressedClassPointers               = true                                 {lp64_product} {ergonomic}
     bool UseCompressedOops                        = true                                 {lp64_product} {ergonomic}
     bool UseG1GC                                  = true                                      {product} {ergonomic}
     bool UseLargePagesIndividualAllocation        = false                                  {pd product} {ergonomic}

Logging:
Log output configuration:
 #0: stdout all=warning uptime,level,tags
 #1: stderr all=off uptime,level,tags

Environment Variables:
JAVA_HOME=C:\Program Files\Java\jdk-16.0.2
PATH=C:\Program Files (x86)\Common Files\Intel\Shared Files\cpp\bin\Intel64;C:\Program Files (x86)\VMware\VMware Workstation\bin\;C:\Program Files\Common Files\Oracle\Java\javapath;C:\WINDOWS\system32;C:\WINDOWS;C:\WINDOWS\System32\Wbem;C:\WINDOWS\System32\WindowsPowerShell\v1.0\;C:\WINDOWS\System32\OpenSSH\;C:\Program Files\Microsoft SQL Server\Client SDK\ODBC\170\Tools\Binn\;C:\Program Files (x86)\Microsoft SQL Server\150\Tools\Binn\;C:\Program Files\Microsoft SQL Server\150\Tools\Binn\;C:\Program Files\Microsoft SQL Server\150\DTS\Binn\;C:\Program Files\Azure Data Studio\bin;C:\Program Files\Java\jdk-16.0.2\bin;D:\Java Netbeans\tools\gradle-7.2\bin;C:\Program Files\Git\cmd;C:\Program Files (x86)\QuickTime\QTSystem\;C:\Program Files\dotnet\;C:\Program Files (x86)\dotnet\;C:\Program Files (x86)\Microsoft SQL Server\150\DTS\Binn\;C:\Program Files\Microsoft SQL Server\130\Tools\Binn\;C:\Program Files\Docker\Docker\resources\bin;C:\Users\ADMIN\miniconda3;C:\Users\ADMIN\miniconda3\Library\mingw-w64\bin;C:\Users\ADMIN\miniconda3\Library\usr\bin;C:\Users\ADMIN\miniconda3\Library\bin;C:\Users\ADMIN\miniconda3\Scripts;C:\Users\ADMIN\AppData\Local\Microsoft\WindowsApps;C:\Users\ADMIN\AppData\Local\Programs\Microsoft VS Code\bin;C:\Program Files\Azure Data Studio\bin;C:\Users\ADMIN\.dotnet\tools
USERNAME=ADMIN
OS=Windows_NT
PROCESSOR_IDENTIFIER=AMD64 Family 23 Model 96 Stepping 1, AuthenticAMD



---------------  S Y S T E M  ---------------

OS: Windows 10 , 64 bit Build 19041 (10.0.19041.2251)
OS uptime: 0 days 17:56 hours
Hyper-V role detected

CPU:total 12 (initial active 12) (12 cores per cpu, 2 threads per core) family 23 model 96 stepping 1 microcode 0x0, cmov, cx8, fxsr, mmx, sse, sse2, sse3, ssse3, sse4.1, sse4.2, popcnt, avx, avx2, aes, clmul, mmxext, 3dnowpref, lzcnt, sse4a, ht, tsc, tscinvbit, tscinv, bmi1, bmi2, adx, sha, fma

Memory: 4k page, system-wide physical 7575M (317M free)
TotalPageFile size 19054M (AvailPageFile size 3M)
current process WorkingSet (physical memory assigned to process): 266M, peak: 266M
current process commit charge ("private bytes"): 330M, peak: 330M

vm_info: OpenJDK 64-Bit Server VM (11.0.12+7-b1504.28-7817840) for windows-amd64 JRE (11.0.12+7-b1504.28-7817840), built on Oct 13 2021 22:12:33 by "builder" with MS VC++ 14.0 (VS2015)

END.
